2026-04-16 00:46:22 [JavaFX Application Thread] WARN  o.hibernate.orm.connections.pooling - HHH10001002: Using built-in connection pool (not intended for production use)
2026-04-16 00:46:23 [JavaFX Application Thread] WARN  org.hibernate.orm.deprecation - HHH90000025: MySQLDialect does not need to be specified explicitly using 'hibernate.dialect' (remove the property setting and it will be selected by default)
2026-04-16 00:53:45 [JavaFX Application Thread] WARN  o.hibernate.orm.connections.pooling - HHH10001002: Using built-in connection pool (not intended for production use)
2026-04-16 00:53:46 [JavaFX Application Thread] WARN  org.hibernate.orm.deprecation - HHH90000025: MySQLDialect does not need to be specified explicitly using 'hibernate.dialect' (remove the property setting and it will be selected by default)
2026-04-16 01:03:53 [JavaFX Application Thread] WARN  o.hibernate.orm.connections.pooling - HHH10001002: Using built-in connection pool (not intended for production use)
2026-04-16 01:03:53 [JavaFX Application Thread] WARN  org.hibernate.orm.deprecation - HHH90000025: MySQLDialect does not need to be specified explicitly using 'hibernate.dialect' (remove the property setting and it will be selected by default)
2026-04-16 01:16:04 [JavaFX Application Thread] WARN  o.hibernate.orm.connections.pooling - HHH10001002: Using built-in connection pool (not intended for production use)
2026-04-16 01:16:05 [JavaFX Application Thread] WARN  org.hibernate.orm.deprecation - HHH90000025: MySQLDialect does not need to be specified explicitly using 'hibernate.dialect' (remove the property setting and it will be selected by default)
2026-04-16 01:42:41 [JavaFX Application Thread] WARN  o.hibernate.orm.connections.pooling - HHH10001002: Using built-in connection pool (not intended for production use)
2026-04-16 01:42:42 [JavaFX Application Thread] WARN  org.hibernate.orm.deprecation - HHH90000025: MySQLDialect does not need to be specified explicitly using 'hibernate.dialect' (remove the property setting and it will be selected by default)
2026-04-16 02:12:43 [JavaFX Application Thread] WARN  o.hibernate.orm.connections.pooling - HHH10001002: Using built-in connection pool (not intended for production use)
2026-04-16 02:12:44 [JavaFX Application Thread] WARN  org.hibernate.orm.deprecation - HHH90000025: MySQLDialect does not need to be specified explicitly using 'hibernate.dialect' (remove the property setting and it will be selected by default)
2026-04-16 02:20:06 [JavaFX Application Thread] WARN  o.hibernate.orm.connections.pooling - HHH10001002: Using built-in connection pool (not intended for production use)
2026-04-16 02:20:06 [JavaFX Application Thread] WARN  org.hibernate.orm.deprecation - HHH90000025: MySQLDialect does not need to be specified explicitly using 'hibernate.dialect' (remove the property setting and it will be selected by default)
2026-04-16 02:24:39 [JavaFX Application Thread] WARN  o.hibernate.orm.connections.pooling - HHH10001002: Using built-in connection pool (not intended for production use)
2026-04-16 02:24:40 [JavaFX Application Thread] WARN  org.hibernate.orm.deprecation - HHH90000025: MySQLDialect does not need to be specified explicitly using 'hibernate.dialect' (remove the property setting and it will be selected by default)
2026-04-16 02:53:11 [JavaFX Application Thread] WARN  o.hibernate.orm.connections.pooling - HHH10001002: Using built-in connection pool (not intended for production use)
2026-04-16 02:53:11 [JavaFX Application Thread] WARN  org.hibernate.orm.deprecation - HHH90000025: MySQLDialect does not need to be specified explicitly using 'hibernate.dialect' (remove the property setting and it will be selected by default)
2026-04-16 03:01:59 [JavaFX Application Thread] WARN  o.hibernate.orm.connections.pooling - HHH10001002: Using built-in connection pool (not intended for production use)
2026-04-16 03:01:59 [JavaFX Application Thread] WARN  org.hibernate.orm.deprecation - HHH90000025: MySQLDialect does not need to be specified explicitly using 'hibernate.dialect' (remove the property setting and it will be selected by default)
2026-04-16 03:07:05 [JavaFX Application Thread] WARN  o.hibernate.orm.connections.pooling - HHH10001002: Using built-in connection pool (not intended for production use)
2026-04-16 03:07:05 [JavaFX Application Thread] WARN  org.hibernate.orm.deprecation - HHH90000025: MySQLDialect does not need to be specified explicitly using 'hibernate.dialect' (remove the property setting and it will be selected by default)
2026-04-16 03:22:18 [JavaFX Application Thread] WARN  o.hibernate.orm.connections.pooling - HHH10001002: Using built-in connection pool (not intended for production use)
2026-04-16 03:22:19 [JavaFX Application Thread] WARN  org.hibernate.orm.deprecation - HHH90000025: MySQLDialect does not need to be specified explicitly using 'hibernate.dialect' (remove the property setting and it will be selected by default)
2026-04-16 03:42:12 [JavaFX Application Thread] WARN  o.hibernate.orm.connections.pooling - HHH10001002: Using built-in connection pool (not intended for production use)
2026-04-16 03:42:13 [JavaFX Application Thread] WARN  org.hibernate.orm.deprecation - HHH90000025: MySQLDialect does not need to be specified explicitly using 'hibernate.dialect' (remove the property setting and it will be selected by default)
2026-04-16 13:35:04 [JavaFX Application Thread] WARN  o.hibernate.orm.connections.pooling - HHH10001002: Using built-in connection pool (not intended for production use)
2026-04-16 13:35:05 [JavaFX Application Thread] WARN  org.hibernate.orm.deprecation - HHH90000025: MySQLDialect does not need to be specified explicitly using 'hibernate.dialect' (remove the property setting and it will be selected by default)
2026-04-16 16:07:48 [JavaFX Application Thread] WARN  o.hibernate.orm.connections.pooling - HHH10001002: Using built-in connection pool (not intended for production use)
2026-04-16 16:07:49 [JavaFX Application Thread] WARN  org.hibernate.orm.deprecation - HHH90000025: MySQLDialect does not need to be specified explicitly using 'hibernate.dialect' (remove the property setting and it will be selected by default)
2026-04-16 16:17:15 [JavaFX Application Thread] WARN  o.hibernate.orm.connections.pooling - HHH10001002: Using built-in connection pool (not intended for production use)
2026-04-16 16:17:15 [JavaFX Application Thread] WARN  org.hibernate.orm.deprecation - HHH90000025: MySQLDialect does not need to be specified explicitly using 'hibernate.dialect' (remove the property setting and it will be selected by default)
2026-04-16 16:41:14 [JavaFX Application Thread] WARN  o.hibernate.orm.connections.pooling - HHH10001002: Using built-in connection pool (not intended for production use)
2026-04-16 16:41:14 [JavaFX Application Thread] WARN  org.hibernate.orm.deprecation - HHH90000025: MySQLDialect does not need to be specified explicitly using 'hibernate.dialect' (remove the property setting and it will be selected by default)
2026-04-16 17:18:35 [JavaFX Application Thread] WARN  o.hibernate.orm.connections.pooling - HHH10001002: Using built-in connection pool (not intended for production use)
2026-04-16 17:18:36 [JavaFX Application Thread] WARN  org.hibernate.orm.deprecation - HHH90000025: MySQLDialect does not need to be specified explicitly using 'hibernate.dialect' (remove the property setting and it will be selected by default)
2026-04-16 17:39:49 [JavaFX Application Thread] WARN  o.hibernate.orm.connections.pooling - HHH10001002: Using built-in connection pool (not intended for production use)
2026-04-16 17:39:49 [JavaFX Application Thread] WARN  org.hibernate.orm.deprecation - HHH90000025: MySQLDialect does not need to be specified explicitly using 'hibernate.dialect' (remove the property setting and it will be selected by default)
2026-04-16 17:58:02 [JavaFX Application Thread] WARN  o.hibernate.orm.connections.pooling - HHH10001002: Using built-in connection pool (not intended for production use)
2026-04-16 17:58:02 [JavaFX Application Thread] WARN  org.hibernate.orm.deprecation - HHH90000025: MySQLDialect does not need to be specified explicitly using 'hibernate.dialect' (remove the property setting and it will be selected by default)
2026-04-16 22:46:24 [JavaFX Application Thread] WARN  o.hibernate.orm.connections.pooling - HHH10001002: Using built-in connection pool (not intended for production use)
2026-04-16 22:46:24 [JavaFX Application Thread] WARN  org.hibernate.orm.deprecation - HHH90000025: MySQLDialect does not need to be specified explicitly using 'hibernate.dialect' (remove the property setting and it will be selected by default)
2026-04-16 23:36:32 [JavaFX Application Thread] WARN  o.hibernate.orm.connections.pooling - HHH10001002: Using built-in connection pool (not intended for production use)
2026-04-16 23:36:33 [JavaFX Application Thread] WARN  org.hibernate.orm.deprecation - HHH90000025: MySQLDialect does not need to be specified explicitly using 'hibernate.dialect' (remove the property setting and it will be selected by default)
2026-04-16 23:38:00 [JavaFX Application Thread] WARN  o.h.e.jdbc.spi.SqlExceptionHelper - SQL Error: 1265, SQLState: 01000
2026-04-16 23:38:00 [JavaFX Application Thread] ERROR o.h.e.jdbc.spi.SqlExceptionHelper - Data truncated for column 'motif' at row 1
2026-04-16 23:38:21 [JavaFX Application Thread] WARN  o.h.e.jdbc.spi.SqlExceptionHelper - SQL Error: 1364, SQLState: HY000
2026-04-16 23:38:21 [JavaFX Application Thread] ERROR o.h.e.jdbc.spi.SqlExceptionHelper - Field 'quantiteRetiree' doesn't have a default value
2026-04-16 23:47:01 [JavaFX Application Thread] WARN  o.h.e.jdbc.spi.SqlExceptionHelper - SQL Error: 1364, SQLState: HY000
2026-04-16 23:47:01 [JavaFX Application Thread] ERROR o.h.e.jdbc.spi.SqlExceptionHelper - Field 'quantiteRetiree' doesn't have a default value
2026-04-16 23:50:48 [JavaFX Application Thread] WARN  o.h.e.jdbc.spi.SqlExceptionHelper - SQL Error: 1265, SQLState: 01000
2026-04-16 23:50:48 [JavaFX Application Thread] ERROR o.h.e.jdbc.spi.SqlExceptionHelper - Data truncated for column 'motif' at row 1
2026-04-17 00:12:10 [JavaFX Application Thread] WARN  o.hibernate.orm.connections.pooling - HHH10001002: Using built-in connection pool (not intended for production use)
2026-04-17 00:12:11 [JavaFX Application Thread] WARN  org.hibernate.orm.deprecation - HHH90000025: MySQLDialect does not need to be specified explicitly using 'hibernate.dialect' (remove the property setting and it will be selected by default)
2026-04-17 00:30:02 [JavaFX Application Thread] WARN  o.hibernate.orm.connections.pooling - HHH10001002: Using built-in connection pool (not intended for production use)
2026-04-17 00:30:02 [JavaFX Application Thread] WARN  org.hibernate.orm.deprecation - HHH90000025: MySQLDialect does not need to be specified explicitly using 'hibernate.dialect' (remove the property setting and it will be selected by default)
2026-04-17 00:35:43 [JavaFX Application Thread] WARN  o.h.e.jdbc.spi.SqlExceptionHelper - SQL Error: 1364, SQLState: HY000
2026-04-17 00:35:43 [JavaFX Application Thread] ERROR o.h.e.jdbc.spi.SqlExceptionHelper - Field 'quantiteRetiree' doesn't have a default value
2026-04-17 00:36:52 [JavaFX Application Thread] WARN  o.hibernate.orm.connections.pooling - HHH10001002: Using built-in connection pool (not intended for production use)
2026-04-17 00:36:53 [JavaFX Application Thread] WARN  org.hibernate.orm.deprecation - HHH90000025: MySQLDialect does not need to be specified explicitly using 'hibernate.dialect' (remove the property setting and it will be selected by default)
2026-04-17 00:53:14 [JavaFX Application Thread] WARN  o.hibernate.orm.connections.pooling - HHH10001002: Using built-in connection pool (not intended for production use)
2026-04-17 00:53:15 [JavaFX Application Thread] WARN  org.hibernate.orm.deprecation - HHH90000025: MySQLDialect does not need to be specified explicitly using 'hibernate.dialect' (remove the property setting and it will be selected by default)
2026-04-17 01:08:03 [JavaFX Application Thread] WARN  o.hibernate.orm.connections.pooling - HHH10001002: Using built-in connection pool (not intended for production use)
2026-04-17 01:08:04 [JavaFX Application Thread] WARN  org.hibernate.orm.deprecation - HHH90000025: MySQLDialect does not need to be specified explicitly using 'hibernate.dialect' (remove the property setting and it will be selected by default)
2026-04-17 01:13:34 [JavaFX Application Thread] WARN  o.hibernate.orm.connections.pooling - HHH10001002: Using built-in connection pool (not intended for production use)
2026-04-17 01:13:34 [JavaFX Application Thread] WARN  org.hibernate.orm.deprecation - HHH90000025: MySQLDialect does not need to be specified explicitly using 'hibernate.dialect' (remove the property setting and it will be selected by default)
2026-04-17 01:31:18 [JavaFX Application Thread] WARN  o.hibernate.orm.connections.pooling - HHH10001002: Using built-in connection pool (not intended for production use)
2026-04-17 01:31:19 [JavaFX Application Thread] WARN  org.hibernate.orm.deprecation - HHH90000025: MySQLDialect does not need to be specified explicitly using 'hibernate.dialect' (remove the property setting and it will be selected by default)
2026-04-17 01:33:00 [JavaFX Application Thread] WARN  o.h.e.jdbc.spi.SqlExceptionHelper - SQL Error: 1364, SQLState: HY000
2026-04-17 01:33:00 [JavaFX Application Thread] ERROR o.h.e.jdbc.spi.SqlExceptionHelper - Field 'quantite_retiree' doesn't have a default value
2026-04-17 01:33:42 [JavaFX Application Thread] WARN  o.h.e.jdbc.spi.SqlExceptionHelper - SQL Error: 1364, SQLState: HY000
2026-04-17 01:33:42 [JavaFX Application Thread] ERROR o.h.e.jdbc.spi.SqlExceptionHelper - Field 'quantite_retiree' doesn't have a default value
2026-04-17 01:47:46 [JavaFX Application Thread] WARN  o.hibernate.orm.connections.pooling - HHH10001002: Using built-in connection pool (not intended for production use)
2026-04-17 01:47:46 [JavaFX Application Thread] WARN  org.hibernate.orm.deprecation - HHH90000025: MySQLDialect does not need to be specified explicitly using 'hibernate.dialect' (remove the property setting and it will be selected by default)
2026-04-17 14:41:40 [JavaFX Application Thread] WARN  o.hibernate.orm.connections.pooling - HHH10001002: Using built-in connection pool (not intended for production use)
2026-04-17 14:41:40 [JavaFX Application Thread] WARN  org.hibernate.orm.deprecation - HHH90000025: MySQLDialect does not need to be specified explicitly using 'hibernate.dialect' (remove the property setting and it will be selected by default)
2026-04-17 15:28:40 [JavaFX Application Thread] WARN  o.hibernate.orm.connections.pooling - HHH10001002: Using built-in connection pool (not intended for production use)
2026-04-17 15:28:41 [JavaFX Application Thread] WARN  org.hibernate.orm.deprecation - HHH90000025: MySQLDialect does not need to be specified explicitly using 'hibernate.dialect' (remove the property setting and it will be selected by default)
2026-04-17 15:52:10 [JavaFX Application Thread] WARN  o.hibernate.orm.connections.pooling - HHH10001002: Using built-in connection pool (not intended for production use)
2026-04-17 15:52:11 [JavaFX Application Thread] WARN  org.hibernate.orm.deprecation - HHH90000025: MySQLDialect does not need to be specified explicitly using 'hibernate.dialect' (remove the property setting and it will be selected by default)
2026-04-17 17:03:15 [JavaFX Application Thread] WARN  o.hibernate.orm.connections.pooling - HHH10001002: Using built-in connection pool (not intended for production use)
2026-04-17 17:03:16 [JavaFX Application Thread] WARN  org.hibernate.orm.deprecation - HHH90000025: MySQLDialect does not need to be specified explicitly using 'hibernate.dialect' (remove the property setting and it will be selected by default)
2026-04-17 17:25:11 [JavaFX Application Thread] WARN  o.hibernate.orm.connections.pooling - HHH10001002: Using built-in connection pool (not intended for production use)
2026-04-17 17:25:12 [JavaFX Application Thread] WARN  org.hibernate.orm.deprecation - HHH90000025: MySQLDialect does not need to be specified explicitly using 'hibernate.dialect' (remove the property setting and it will be selected by default)
2026-04-17 17:34:48 [JavaFX Application Thread] WARN  o.hibernate.orm.connections.pooling - HHH10001002: Using built-in connection pool (not intended for production use)
2026-04-17 17:34:49 [JavaFX Application Thread] WARN  org.hibernate.orm.deprecation - HHH90000025: MySQLDialect does not need to be specified explicitly using 'hibernate.dialect' (remove the property setting and it will be selected by default)
2026-04-17 17:47:33 [JavaFX Application Thread] WARN  o.hibernate.orm.connections.pooling - HHH10001002: Using built-in connection pool (not intended for production use)
2026-04-17 17:47:33 [JavaFX Application Thread] WARN  org.hibernate.orm.deprecation - HHH90000025: MySQLDialect does not need to be specified explicitly using 'hibernate.dialect' (remove the property setting and it will be selected by default)
2026-04-17 17:47:42 [Timer-0] INFO  com.pharmacie.utils.SyncService - Internet détecté. Début de la synchronisation...
2026-04-17 17:47:42 [Timer-0] INFO  com.pharmacie.utils.SyncService - Envoi sécurisé des données vers le Cloud : https://api.pharmacie-veterinaire-cloud.com/sync
2026-04-17 17:47:42 [Timer-0] INFO  com.pharmacie.utils.SyncService - Synchronisation vers le Cloud réussie avec succès !
2026-04-17 17:47:49 [JavaFX Application Thread] INFO  c.p.controllers.LoginController - Connexion Setup Admin avec ID: 1
2026-04-17 17:52:41 [Timer-0] INFO  com.pharmacie.utils.SyncService - Internet détecté. Début de la synchronisation...
2026-04-17 17:52:41 [Timer-0] INFO  com.pharmacie.utils.SyncService - Envoi sécurisé des données vers le Cloud : https://api.pharmacie-veterinaire-cloud.com/sync
2026-04-17 17:52:41 [Timer-0] INFO  com.pharmacie.utils.SyncService - Synchronisation vers le Cloud réussie avec succès !
2026-04-17 17:54:32 [JavaFX Application Thread] INFO  com.pharmacie.utils.SyncService - Service de synchronisation arrêté.
2026-04-17 17:55:13 [JavaFX Application Thread] WARN  o.hibernate.orm.connections.pooling - HHH10001002: Using built-in connection pool (not intended for production use)
2026-04-17 17:55:14 [JavaFX Application Thread] WARN  org.hibernate.orm.deprecation - HHH90000025: MySQLDialect does not need to be specified explicitly using 'hibernate.dialect' (remove the property setting and it will be selected by default)
2026-04-17 17:55:22 [Timer-0] INFO  com.pharmacie.utils.SyncService - Internet détecté. Début de la synchronisation...
2026-04-17 17:55:22 [Timer-0] INFO  com.pharmacie.utils.SyncService - Envoi sécurisé des données vers le Cloud : https://api.pharmacie-veterinaire-cloud.com/sync
2026-04-17 17:55:22 [Timer-0] INFO  com.pharmacie.utils.SyncService - Synchronisation vers le Cloud réussie avec succès !
2026-04-17 17:55:41 [JavaFX Application Thread] INFO  c.p.controllers.LoginController - Connexion Setup Admin avec ID: 1
2026-04-17 18:00:24 [Timer-0] WARN  com.pharmacie.utils.SyncService - Pas d'accès Internet. Fonctionnement 100% hors-ligne maintenu.
2026-04-17 18:05:33 [Timer-0] WARN  com.pharmacie.utils.SyncService - Pas d'accès Internet. Fonctionnement 100% hors-ligne maintenu.
2026-04-18 09:21:58 [Timer-0] WARN  com.pharmacie.utils.SyncService - Pas d'accès Internet. Fonctionnement 100% hors-ligne maintenu.
2026-04-18 09:21:58 [Timer-0] WARN  com.pharmacie.utils.SyncService - Pas d'accès Internet. Fonctionnement 100% hors-ligne maintenu.
2026-04-18 09:21:58 [Timer-0] WARN  com.pharmacie.utils.SyncService - Pas d'accès Internet. Fonctionnement 100% hors-ligne maintenu.
2026-04-18 09:21:58 [Timer-0] WARN  com.pharmacie.utils.SyncService - Pas d'accès Internet. Fonctionnement 100% hors-ligne maintenu.
2026-04-18 09:21:58 [Timer-0] WARN  com.pharmacie.utils.SyncService - Pas d'accès Internet. Fonctionnement 100% hors-ligne maintenu.
2026-04-18 09:21:58 [Timer-0] WARN  com.pharmacie.utils.SyncService - Pas d'accès Internet. Fonctionnement 100% hors-ligne maintenu.
2026-04-18 09:21:58 [Timer-0] WARN  com.pharmacie.utils.SyncService - Pas d'accès Internet. Fonctionnement 100% hors-ligne maintenu.
2026-04-18 09:21:58 [Timer-0] WARN  com.pharmacie.utils.SyncService - Pas d'accès Internet. Fonctionnement 100% hors-ligne maintenu.
2026-04-18 09:21:58 [Timer-0] WARN  com.pharmacie.utils.SyncService - Pas d'accès Internet. Fonctionnement 100% hors-ligne maintenu.
2026-04-18 09:21:58 [Timer-0] WARN  com.pharmacie.utils.SyncService - Pas d'accès Internet. Fonctionnement 100% hors-ligne maintenu.
2026-04-18 09:21:58 [Timer-0] WARN  com.pharmacie.utils.SyncService - Pas d'accès Internet. Fonctionnement 100% hors-ligne maintenu.
2026-04-18 09:21:58 [Timer-0] WARN  com.pharmacie.utils.SyncService - Pas d'accès Internet. Fonctionnement 100% hors-ligne maintenu.
2026-04-18 09:21:58 [Timer-0] WARN  com.pharmacie.utils.SyncService - Pas d'accès Internet. Fonctionnement 100% hors-ligne maintenu.
2026-04-18 09:21:58 [Timer-0] WARN  com.pharmacie.utils.SyncService - Pas d'accès Internet. Fonctionnement 100% hors-ligne maintenu.
2026-04-18 09:21:58 [Timer-0] WARN  com.pharmacie.utils.SyncService - Pas d'accès Internet. Fonctionnement 100% hors-ligne maintenu.
2026-04-18 09:21:58 [Timer-0] WARN  com.pharmacie.utils.SyncService - Pas d'accès Internet. Fonctionnement 100% hors-ligne maintenu.
2026-04-18 09:21:58 [Timer-0] WARN  com.pharmacie.utils.SyncService - Pas d'accès Internet. Fonctionnement 100% hors-ligne maintenu.
2026-04-18 09:21:58 [Timer-0] WARN  com.pharmacie.utils.SyncService - Pas d'accès Internet. Fonctionnement 100% hors-ligne maintenu.
2026-04-18 09:21:58 [Timer-0] WARN  com.pharmacie.utils.SyncService - Pas d'accès Internet. Fonctionnement 100% hors-ligne maintenu.
2026-04-18 09:21:58 [Timer-0] WARN  com.pharmacie.utils.SyncService - Pas d'accès Internet. Fonctionnement 100% hors-ligne maintenu.
2026-04-18 09:21:58 [Timer-0] WARN  com.pharmacie.utils.SyncService - Pas d'accès Internet. Fonctionnement 100% hors-ligne maintenu.
2026-04-18 09:21:58 [Timer-0] WARN  com.pharmacie.utils.SyncService - Pas d'accès Internet. Fonctionnement 100% hors-ligne maintenu.
2026-04-18 09:21:58 [Timer-0] WARN  com.pharmacie.utils.SyncService - Pas d'accès Internet. Fonctionnement 100% hors-ligne maintenu.
2026-04-18 09:21:58 [Timer-0] WARN  com.pharmacie.utils.SyncService - Pas d'accès Internet. Fonctionnement 100% hors-ligne maintenu.
2026-04-18 09:21:58 [Timer-0] WARN  com.pharmacie.utils.SyncService - Pas d'accès Internet. Fonctionnement 100% hors-ligne maintenu.
2026-04-18 09:21:58 [Timer-0] WARN  com.pharmacie.utils.SyncService - Pas d'accès Internet. Fonctionnement 100% hors-ligne maintenu.
2026-04-18 09:21:58 [Timer-0] WARN  com.pharmacie.utils.SyncService - Pas d'accès Internet. Fonctionnement 100% hors-ligne maintenu.
2026-04-18 09:21:58 [Timer-0] WARN  com.pharmacie.utils.SyncService - Pas d'accès Internet. Fonctionnement 100% hors-ligne maintenu.
2026-04-18 09:21:58 [Timer-0] WARN  com.pharmacie.utils.SyncService - Pas d'accès Internet. Fonctionnement 100% hors-ligne maintenu.
2026-04-18 09:21:58 [Timer-0] WARN  com.pharmacie.utils.SyncService - Pas d'accès Internet. Fonctionnement 100% hors-ligne maintenu.
2026-04-18 09:21:58 [Timer-0] WARN  com.pharmacie.utils.SyncService - Pas d'accès Internet. Fonctionnement 100% hors-ligne maintenu.
2026-04-18 09:21:58 [Timer-0] WARN  com.pharmacie.utils.SyncService - Pas d'accès Internet. Fonctionnement 100% hors-ligne maintenu.
2026-04-18 09:21:58 [Timer-0] WARN  com.pharmacie.utils.SyncService - Pas d'accès Internet. Fonctionnement 100% hors-ligne maintenu.
2026-04-18 09:21:58 [Timer-0] WARN  com.pharmacie.utils.SyncService - Pas d'accès Internet. Fonctionnement 100% hors-ligne maintenu.
2026-04-18 09:21:58 [Timer-0] WARN  com.pharmacie.utils.SyncService - Pas d'accès Internet. Fonctionnement 100% hors-ligne maintenu.
2026-04-18 09:21:58 [Timer-0] WARN  com.pharmacie.utils.SyncService - Pas d'accès Internet. Fonctionnement 100% hors-ligne maintenu.
2026-04-18 09:21:58 [Timer-0] WARN  com.pharmacie.utils.SyncService - Pas d'accès Internet. Fonctionnement 100% hors-ligne maintenu.
2026-04-18 09:21:58 [Timer-0] WARN  com.pharmacie.utils.SyncService - Pas d'accès Internet. Fonctionnement 100% hors-ligne maintenu.
2026-04-18 09:21:58 [Timer-0] WARN  com.pharmacie.utils.SyncService - Pas d'accès Internet. Fonctionnement 100% hors-ligne maintenu.
2026-04-18 09:21:58 [Timer-0] WARN  com.pharmacie.utils.SyncService - Pas d'accès Internet. Fonctionnement 100% hors-ligne maintenu.
2026-04-18 09:21:58 [Timer-0] WARN  com.pharmacie.utils.SyncService - Pas d'accès Internet. Fonctionnement 100% hors-ligne maintenu.
2026-04-18 09:21:58 [Timer-0] WARN  com.pharmacie.utils.SyncService - Pas d'accès Internet. Fonctionnement 100% hors-ligne maintenu.
2026-04-18 09:21:58 [Timer-0] WARN  com.pharmacie.utils.SyncService - Pas d'accès Internet. Fonctionnement 100% hors-ligne maintenu.
2026-04-18 09:21:58 [Timer-0] WARN  com.pharmacie.utils.SyncService - Pas d'accès Internet. Fonctionnement 100% hors-ligne maintenu.
2026-04-18 09:21:58 [Timer-0] WARN  com.pharmacie.utils.SyncService - Pas d'accès Internet. Fonctionnement 100% hors-ligne maintenu.
2026-04-18 09:21:58 [Timer-0] WARN  com.pharmacie.utils.SyncService - Pas d'accès Internet. Fonctionnement 100% hors-ligne maintenu.
2026-04-18 09:21:58 [Timer-0] WARN  com.pharmacie.utils.SyncService - Pas d'accès Internet. Fonctionnement 100% hors-ligne maintenu.
2026-04-18 09:21:58 [Timer-0] WARN  com.pharmacie.utils.SyncService - Pas d'accès Internet. Fonctionnement 100% hors-ligne maintenu.
2026-04-18 09:21:58 [Timer-0] WARN  com.pharmacie.utils.SyncService - Pas d'accès Internet. Fonctionnement 100% hors-ligne maintenu.
2026-04-18 09:21:58 [Timer-0] WARN  com.pharmacie.utils.SyncService - Pas d'accès Internet. Fonctionnement 100% hors-ligne maintenu.
2026-04-18 09:21:58 [Timer-0] WARN  com.pharmacie.utils.SyncService - Pas d'accès Internet. Fonctionnement 100% hors-ligne maintenu.
2026-04-18 09:21:58 [Timer-0] WARN  com.pharmacie.utils.SyncService - Pas d'accès Internet. Fonctionnement 100% hors-ligne maintenu.
2026-04-18 09:21:58 [Timer-0] WARN  com.pharmacie.utils.SyncService - Pas d'accès Internet. Fonctionnement 100% hors-ligne maintenu.
2026-04-18 09:21:58 [Timer-0] WARN  com.pharmacie.utils.SyncService - Pas d'accès Internet. Fonctionnement 100% hors-ligne maintenu.
2026-04-18 09:21:58 [Timer-0] WARN  com.pharmacie.utils.SyncService - Pas d'accès Internet. Fonctionnement 100% hors-ligne maintenu.
2026-04-18 09:21:58 [Timer-0] WARN  com.pharmacie.utils.SyncService - Pas d'accès Internet. Fonctionnement 100% hors-ligne maintenu.
2026-04-18 09:21:58 [Timer-0] WARN  com.pharmacie.utils.SyncService - Pas d'accès Internet. Fonctionnement 100% hors-ligne maintenu.
2026-04-18 09:21:58 [Timer-0] WARN  com.pharmacie.utils.SyncService - Pas d'accès Internet. Fonctionnement 100% hors-ligne maintenu.
2026-04-18 09:21:58 [Timer-0] WARN  com.pharmacie.utils.SyncService - Pas d'accès Internet. Fonctionnement 100% hors-ligne maintenu.
2026-04-18 09:21:58 [Timer-0] WARN  com.pharmacie.utils.SyncService - Pas d'accès Internet. Fonctionnement 100% hors-ligne maintenu.
2026-04-18 09:21:58 [Timer-0] WARN  com.pharmacie.utils.SyncService - Pas d'accès Internet. Fonctionnement 100% hors-ligne maintenu.
2026-04-18 09:21:58 [Timer-0] WARN  com.pharmacie.utils.SyncService - Pas d'accès Internet. Fonctionnement 100% hors-ligne maintenu.
2026-04-18 09:21:58 [Timer-0] WARN  com.pharmacie.utils.SyncService - Pas d'accès Internet. Fonctionnement 100% hors-ligne maintenu.
2026-04-18 09:21:58 [Timer-0] WARN  com.pharmacie.utils.SyncService - Pas d'accès Internet. Fonctionnement 100% hors-ligne maintenu.
2026-04-18 09:21:58 [Timer-0] WARN  com.pharmacie.utils.SyncService - Pas d'accès Internet. Fonctionnement 100% hors-ligne maintenu.
2026-04-18 09:21:58 [Timer-0] WARN  com.pharmacie.utils.SyncService - Pas d'accès Internet. Fonctionnement 100% hors-ligne maintenu.
2026-04-18 09:21:58 [Timer-0] WARN  com.pharmacie.utils.SyncService - Pas d'accès Internet. Fonctionnement 100% hors-ligne maintenu.
2026-04-18 09:21:58 [Timer-0] WARN  com.pharmacie.utils.SyncService - Pas d'accès Internet. Fonctionnement 100% hors-ligne maintenu.
2026-04-18 09:21:58 [Timer-0] WARN  com.pharmacie.utils.SyncService - Pas d'accès Internet. Fonctionnement 100% hors-ligne maintenu.
2026-04-18 09:21:58 [Timer-0] WARN  com.pharmacie.utils.SyncService - Pas d'accès Internet. Fonctionnement 100% hors-ligne maintenu.
2026-04-18 09:21:58 [Timer-0] WARN  com.pharmacie.utils.SyncService - Pas d'accès Internet. Fonctionnement 100% hors-ligne maintenu.
2026-04-18 09:21:58 [Timer-0] WARN  com.pharmacie.utils.SyncService - Pas d'accès Internet. Fonctionnement 100% hors-ligne maintenu.
2026-04-18 09:21:58 [Timer-0] WARN  com.pharmacie.utils.SyncService - Pas d'accès Internet. Fonctionnement 100% hors-ligne maintenu.
2026-04-18 09:21:58 [Timer-0] WARN  com.pharmacie.utils.SyncService - Pas d'accès Internet. Fonctionnement 100% hors-ligne maintenu.
2026-04-18 09:21:58 [Timer-0] WARN  com.pharmacie.utils.SyncService - Pas d'accès Internet. Fonctionnement 100% hors-ligne maintenu.
2026-04-18 09:21:58 [Timer-0] WARN  com.pharmacie.utils.SyncService - Pas d'accès Internet. Fonctionnement 100% hors-ligne maintenu.
2026-04-18 09:21:58 [Timer-0] WARN  com.pharmacie.utils.SyncService - Pas d'accès Internet. Fonctionnement 100% hors-ligne maintenu.
2026-04-18 09:21:58 [Timer-0] WARN  com.pharmacie.utils.SyncService - Pas d'accès Internet. Fonctionnement 100% hors-ligne maintenu.
2026-04-18 09:21:58 [Timer-0] WARN  com.pharmacie.utils.SyncService - Pas d'accès Internet. Fonctionnement 100% hors-ligne maintenu.
2026-04-18 09:21:58 [Timer-0] WARN  com.pharmacie.utils.SyncService - Pas d'accès Internet. Fonctionnement 100% hors-ligne maintenu.
2026-04-18 09:21:58 [Timer-0] WARN  com.pharmacie.utils.SyncService - Pas d'accès Internet. Fonctionnement 100% hors-ligne maintenu.
2026-04-18 09:21:58 [Timer-0] WARN  com.pharmacie.utils.SyncService - Pas d'accès Internet. Fonctionnement 100% hors-ligne maintenu.
2026-04-18 09:21:58 [Timer-0] WARN  com.pharmacie.utils.SyncService - Pas d'accès Internet. Fonctionnement 100% hors-ligne maintenu.
2026-04-18 09:21:58 [Timer-0] WARN  com.pharmacie.utils.SyncService - Pas d'accès Internet. Fonctionnement 100% hors-ligne maintenu.
2026-04-18 09:21:58 [Timer-0] WARN  com.pharmacie.utils.SyncService - Pas d'accès Internet. Fonctionnement 100% hors-ligne maintenu.
2026-04-18 09:21:58 [Timer-0] WARN  com.pharmacie.utils.SyncService - Pas d'accès Internet. Fonctionnement 100% hors-ligne maintenu.
2026-04-18 09:21:58 [Timer-0] WARN  com.pharmacie.utils.SyncService - Pas d'accès Internet. Fonctionnement 100% hors-ligne maintenu.
2026-04-18 09:21:58 [Timer-0] WARN  com.pharmacie.utils.SyncService - Pas d'accès Internet. Fonctionnement 100% hors-ligne maintenu.
2026-04-18 09:21:58 [Timer-0] WARN  com.pharmacie.utils.SyncService - Pas d'accès Internet. Fonctionnement 100% hors-ligne maintenu.
2026-04-18 09:21:58 [Timer-0] WARN  com.pharmacie.utils.SyncService - Pas d'accès Internet. Fonctionnement 100% hors-ligne maintenu.
2026-04-18 09:21:58 [Timer-0] WARN  com.pharmacie.utils.SyncService - Pas d'accès Internet. Fonctionnement 100% hors-ligne maintenu.
2026-04-18 09:21:58 [Timer-0] WARN  com.pharmacie.utils.SyncService - Pas d'accès Internet. Fonctionnement 100% hors-ligne maintenu.
2026-04-18 09:21:58 [Timer-0] WARN  com.pharmacie.utils.SyncService - Pas d'accès Internet. Fonctionnement 100% hors-ligne maintenu.
2026-04-18 09:21:58 [Timer-0] WARN  com.pharmacie.utils.SyncService - Pas d'accès Internet. Fonctionnement 100% hors-ligne maintenu.
2026-04-18 09:21:58 [Timer-0] WARN  com.pharmacie.utils.SyncService - Pas d'accès Internet. Fonctionnement 100% hors-ligne maintenu.
2026-04-18 09:21:58 [Timer-0] WARN  com.pharmacie.utils.SyncService - Pas d'accès Internet. Fonctionnement 100% hors-ligne maintenu.
2026-04-18 09:21:58 [Timer-0] WARN  com.pharmacie.utils.SyncService - Pas d'accès Internet. Fonctionnement 100% hors-ligne maintenu.
2026-04-18 09:21:58 [Timer-0] WARN  com.pharmacie.utils.SyncService - Pas d'accès Internet. Fonctionnement 100% hors-ligne maintenu.
2026-04-18 09:21:58 [Timer-0] WARN  com.pharmacie.utils.SyncService - Pas d'accès Internet. Fonctionnement 100% hors-ligne maintenu.
2026-04-18 09:21:58 [Timer-0] WARN  com.pharmacie.utils.SyncService - Pas d'accès Internet. Fonctionnement 100% hors-ligne maintenu.
2026-04-18 09:21:58 [Timer-0] WARN  com.pharmacie.utils.SyncService - Pas d'accès Internet. Fonctionnement 100% hors-ligne maintenu.
2026-04-18 09:21:58 [Timer-0] WARN  com.pharmacie.utils.SyncService - Pas d'accès Internet. Fonctionnement 100% hors-ligne maintenu.
2026-04-18 09:21:58 [Timer-0] WARN  com.pharmacie.utils.SyncService - Pas d'accès Internet. Fonctionnement 100% hors-ligne maintenu.
2026-04-18 09:21:58 [Timer-0] WARN  com.pharmacie.utils.SyncService - Pas d'accès Internet. Fonctionnement 100% hors-ligne maintenu.
2026-04-18 09:21:58 [Timer-0] WARN  com.pharmacie.utils.SyncService - Pas d'accès Internet. Fonctionnement 100% hors-ligne maintenu.
2026-04-18 09:21:58 [Timer-0] WARN  com.pharmacie.utils.SyncService - Pas d'accès Internet. Fonctionnement 100% hors-ligne maintenu.
2026-04-18 09:21:58 [Timer-0] WARN  com.pharmacie.utils.SyncService - Pas d'accès Internet. Fonctionnement 100% hors-ligne maintenu.
2026-04-18 09:21:58 [Timer-0] WARN  com.pharmacie.utils.SyncService - Pas d'accès Internet. Fonctionnement 100% hors-ligne maintenu.
2026-04-18 09:21:58 [Timer-0] WARN  com.pharmacie.utils.SyncService - Pas d'accès Internet. Fonctionnement 100% hors-ligne maintenu.
2026-04-18 09:21:58 [Timer-0] WARN  com.pharmacie.utils.SyncService - Pas d'accès Internet. Fonctionnement 100% hors-ligne maintenu.
2026-04-18 09:21:58 [Timer-0] WARN  com.pharmacie.utils.SyncService - Pas d'accès Internet. Fonctionnement 100% hors-ligne maintenu.
2026-04-18 09:21:58 [Timer-0] WARN  com.pharmacie.utils.SyncService - Pas d'accès Internet. Fonctionnement 100% hors-ligne maintenu.
2026-04-18 09:21:58 [Timer-0] WARN  com.pharmacie.utils.SyncService - Pas d'accès Internet. Fonctionnement 100% hors-ligne maintenu.
2026-04-18 09:21:58 [Timer-0] WARN  com.pharmacie.utils.SyncService - Pas d'accès Internet. Fonctionnement 100% hors-ligne maintenu.
2026-04-18 09:21:58 [Timer-0] WARN  com.pharmacie.utils.SyncService - Pas d'accès Internet. Fonctionnement 100% hors-ligne maintenu.
2026-04-18 09:21:58 [Timer-0] WARN  com.pharmacie.utils.SyncService - Pas d'accès Internet. Fonctionnement 100% hors-ligne maintenu.
2026-04-18 09:21:58 [Timer-0] WARN  com.pharmacie.utils.SyncService - Pas d'accès Internet. Fonctionnement 100% hors-ligne maintenu.
2026-04-18 09:21:58 [Timer-0] WARN  com.pharmacie.utils.SyncService - Pas d'accès Internet. Fonctionnement 100% hors-ligne maintenu.
2026-04-18 09:21:58 [Timer-0] WARN  com.pharmacie.utils.SyncService - Pas d'accès Internet. Fonctionnement 100% hors-ligne maintenu.
2026-04-18 09:21:58 [Timer-0] WARN  com.pharmacie.utils.SyncService - Pas d'accès Internet. Fonctionnement 100% hors-ligne maintenu.
2026-04-18 09:21:58 [Timer-0] WARN  com.pharmacie.utils.SyncService - Pas d'accès Internet. Fonctionnement 100% hors-ligne maintenu.
2026-04-18 09:21:58 [Timer-0] WARN  com.pharmacie.utils.SyncService - Pas d'accès Internet. Fonctionnement 100% hors-ligne maintenu.
2026-04-18 09:21:58 [Timer-0] WARN  com.pharmacie.utils.SyncService - Pas d'accès Internet. Fonctionnement 100% hors-ligne maintenu.
2026-04-18 09:21:58 [Timer-0] WARN  com.pharmacie.utils.SyncService - Pas d'accès Internet. Fonctionnement 100% hors-ligne maintenu.
2026-04-18 09:21:58 [Timer-0] WARN  com.pharmacie.utils.SyncService - Pas d'accès Internet. Fonctionnement 100% hors-ligne maintenu.
2026-04-18 09:21:58 [Timer-0] WARN  com.pharmacie.utils.SyncService - Pas d'accès Internet. Fonctionnement 100% hors-ligne maintenu.
2026-04-18 09:21:58 [Timer-0] WARN  com.pharmacie.utils.SyncService - Pas d'accès Internet. Fonctionnement 100% hors-ligne maintenu.
2026-04-18 09:21:58 [Timer-0] WARN  com.pharmacie.utils.SyncService - Pas d'accès Internet. Fonctionnement 100% hors-ligne maintenu.
2026-04-18 09:21:58 [Timer-0] WARN  com.pharmacie.utils.SyncService - Pas d'accès Internet. Fonctionnement 100% hors-ligne maintenu.
2026-04-18 09:21:58 [Timer-0] WARN  com.pharmacie.utils.SyncService - Pas d'accès Internet. Fonctionnement 100% hors-ligne maintenu.
2026-04-18 09:21:58 [Timer-0] WARN  com.pharmacie.utils.SyncService - Pas d'accès Internet. Fonctionnement 100% hors-ligne maintenu.
2026-04-18 09:21:58 [Timer-0] WARN  com.pharmacie.utils.SyncService - Pas d'accès Internet. Fonctionnement 100% hors-ligne maintenu.
2026-04-18 09:21:58 [Timer-0] WARN  com.pharmacie.utils.SyncService - Pas d'accès Internet. Fonctionnement 100% hors-ligne maintenu.
2026-04-18 09:21:58 [Timer-0] WARN  com.pharmacie.utils.SyncService - Pas d'accès Internet. Fonctionnement 100% hors-ligne maintenu.
2026-04-18 09:21:58 [Timer-0] WARN  com.pharmacie.utils.SyncService - Pas d'accès Internet. Fonctionnement 100% hors-ligne maintenu.
2026-04-18 09:21:58 [Timer-0] WARN  com.pharmacie.utils.SyncService - Pas d'accès Internet. Fonctionnement 100% hors-ligne maintenu.
2026-04-18 09:21:58 [Timer-0] WARN  com.pharmacie.utils.SyncService - Pas d'accès Internet. Fonctionnement 100% hors-ligne maintenu.
2026-04-18 09:21:58 [Timer-0] WARN  com.pharmacie.utils.SyncService - Pas d'accès Internet. Fonctionnement 100% hors-ligne maintenu.
2026-04-18 09:21:58 [Timer-0] WARN  com.pharmacie.utils.SyncService - Pas d'accès Internet. Fonctionnement 100% hors-ligne maintenu.
2026-04-18 09:21:58 [Timer-0] WARN  com.pharmacie.utils.SyncService - Pas d'accès Internet. Fonctionnement 100% hors-ligne maintenu.
2026-04-18 09:21:58 [Timer-0] WARN  com.pharmacie.utils.SyncService - Pas d'accès Internet. Fonctionnement 100% hors-ligne maintenu.
2026-04-18 09:21:58 [Timer-0] WARN  com.pharmacie.utils.SyncService - Pas d'accès Internet. Fonctionnement 100% hors-ligne maintenu.
2026-04-18 09:21:58 [Timer-0] WARN  com.pharmacie.utils.SyncService - Pas d'accès Internet. Fonctionnement 100% hors-ligne maintenu.
2026-04-18 09:21:58 [Timer-0] WARN  com.pharmacie.utils.SyncService - Pas d'accès Internet. Fonctionnement 100% hors-ligne maintenu.
2026-04-18 09:21:58 [Timer-0] WARN  com.pharmacie.utils.SyncService - Pas d'accès Internet. Fonctionnement 100% hors-ligne maintenu.
2026-04-18 09:21:58 [Timer-0] WARN  com.pharmacie.utils.SyncService - Pas d'accès Internet. Fonctionnement 100% hors-ligne maintenu.
2026-04-18 09:21:58 [Timer-0] WARN  com.pharmacie.utils.SyncService - Pas d'accès Internet. Fonctionnement 100% hors-ligne maintenu.
2026-04-18 09:21:58 [Timer-0] WARN  com.pharmacie.utils.SyncService - Pas d'accès Internet. Fonctionnement 100% hors-ligne maintenu.
2026-04-18 09:21:58 [Timer-0] WARN  com.pharmacie.utils.SyncService - Pas d'accès Internet. Fonctionnement 100% hors-ligne maintenu.
2026-04-18 09:21:58 [Timer-0] WARN  com.pharmacie.utils.SyncService - Pas d'accès Internet. Fonctionnement 100% hors-ligne maintenu.
2026-04-18 09:21:58 [Timer-0] WARN  com.pharmacie.utils.SyncService - Pas d'accès Internet. Fonctionnement 100% hors-ligne maintenu.
2026-04-18 09:21:58 [Timer-0] WARN  com.pharmacie.utils.SyncService - Pas d'accès Internet. Fonctionnement 100% hors-ligne maintenu.
2026-04-18 09:21:58 [Timer-0] WARN  com.pharmacie.utils.SyncService - Pas d'accès Internet. Fonctionnement 100% hors-ligne maintenu.
2026-04-18 09:21:58 [Timer-0] WARN  com.pharmacie.utils.SyncService - Pas d'accès Internet. Fonctionnement 100% hors-ligne maintenu.
2026-04-18 09:21:58 [Timer-0] WARN  com.pharmacie.utils.SyncService - Pas d'accès Internet. Fonctionnement 100% hors-ligne maintenu.
2026-04-18 09:21:58 [Timer-0] WARN  com.pharmacie.utils.SyncService - Pas d'accès Internet. Fonctionnement 100% hors-ligne maintenu.
2026-04-18 09:21:58 [Timer-0] WARN  com.pharmacie.utils.SyncService - Pas d'accès Internet. Fonctionnement 100% hors-ligne maintenu.
2026-04-18 09:21:58 [Timer-0] WARN  com.pharmacie.utils.SyncService - Pas d'accès Internet. Fonctionnement 100% hors-ligne maintenu.
2026-04-18 09:21:58 [Timer-0] WARN  com.pharmacie.utils.SyncService - Pas d'accès Internet. Fonctionnement 100% hors-ligne maintenu.
2026-04-18 09:21:58 [Timer-0] WARN  com.pharmacie.utils.SyncService - Pas d'accès Internet. Fonctionnement 100% hors-ligne maintenu.
2026-04-18 09:21:58 [Timer-0] WARN  com.pharmacie.utils.SyncService - Pas d'accès Internet. Fonctionnement 100% hors-ligne maintenu.
2026-04-18 09:21:58 [Timer-0] WARN  com.pharmacie.utils.SyncService - Pas d'accès Internet. Fonctionnement 100% hors-ligne maintenu.
2026-04-18 09:21:58 [Timer-0] WARN  com.pharmacie.utils.SyncService - Pas d'accès Internet. Fonctionnement 100% hors-ligne maintenu.
2026-04-18 09:21:58 [Timer-0] WARN  com.pharmacie.utils.SyncService - Pas d'accès Internet. Fonctionnement 100% hors-ligne maintenu.
2026-04-18 09:21:58 [Timer-0] WARN  com.pharmacie.utils.SyncService - Pas d'accès Internet. Fonctionnement 100% hors-ligne maintenu.
2026-04-18 09:21:58 [Timer-0] WARN  com.pharmacie.utils.SyncService - Pas d'accès Internet. Fonctionnement 100% hors-ligne maintenu.
2026-04-18 09:21:58 [Timer-0] WARN  com.pharmacie.utils.SyncService - Pas d'accès Internet. Fonctionnement 100% hors-ligne maintenu.
2026-04-18 09:21:58 [Timer-0] WARN  com.pharmacie.utils.SyncService - Pas d'accès Internet. Fonctionnement 100% hors-ligne maintenu.
2026-04-18 09:21:58 [Timer-0] WARN  com.pharmacie.utils.SyncService - Pas d'accès Internet. Fonctionnement 100% hors-ligne maintenu.
2026-04-18 09:21:58 [Timer-0] WARN  com.pharmacie.utils.SyncService - Pas d'accès Internet. Fonctionnement 100% hors-ligne maintenu.
2026-04-18 09:21:58 [Timer-0] WARN  com.pharmacie.utils.SyncService - Pas d'accès Internet. Fonctionnement 100% hors-ligne maintenu.
2026-04-18 09:21:58 [Timer-0] WARN  com.pharmacie.utils.SyncService - Pas d'accès Internet. Fonctionnement 100% hors-ligne maintenu.
2026-04-18 09:21:58 [Timer-0] WARN  com.pharmacie.utils.SyncService - Pas d'accès Internet. Fonctionnement 100% hors-ligne maintenu.
2026-04-18 09:21:58 [Timer-0] WARN  com.pharmacie.utils.SyncService - Pas d'accès Internet. Fonctionnement 100% hors-ligne maintenu.
2026-04-18 09:21:58 [Timer-0] WARN  com.pharmacie.utils.SyncService - Pas d'accès Internet. Fonctionnement 100% hors-ligne maintenu.
2026-04-18 09:21:58 [Timer-0] WARN  com.pharmacie.utils.SyncService - Pas d'accès Internet. Fonctionnement 100% hors-ligne maintenu.
2026-04-18 09:21:58 [Timer-0] WARN  com.pharmacie.utils.SyncService - Pas d'accès Internet. Fonctionnement 100% hors-ligne maintenu.
2026-04-18 09:21:58 [Timer-0] WARN  com.pharmacie.utils.SyncService - Pas d'accès Internet. Fonctionnement 100% hors-ligne maintenu.
2026-04-18 09:21:58 [Timer-0] WARN  com.pharmacie.utils.SyncService - Pas d'accès Internet. Fonctionnement 100% hors-ligne maintenu.
2026-04-18 09:21:58 [Timer-0] WARN  com.pharmacie.utils.SyncService - Pas d'accès Internet. Fonctionnement 100% hors-ligne maintenu.
2026-04-18 09:21:58 [Timer-0] WARN  com.pharmacie.utils.SyncService - Pas d'accès Internet. Fonctionnement 100% hors-ligne maintenu.
2026-04-18 09:21:58 [Timer-0] WARN  com.pharmacie.utils.SyncService - Pas d'accès Internet. Fonctionnement 100% hors-ligne maintenu.
2026-04-18 09:21:58 [Timer-0] WARN  com.pharmacie.utils.SyncService - Pas d'accès Internet. Fonctionnement 100% hors-ligne maintenu.
2026-04-18 09:25:22 [Timer-0] INFO  com.pharmacie.utils.SyncService - Internet détecté. Début de la synchronisation...
2026-04-18 09:25:22 [Timer-0] INFO  com.pharmacie.utils.SyncService - Envoi sécurisé des données vers le Cloud : https://api.pharmacie-veterinaire-cloud.com/sync
2026-04-18 09:25:22 [Timer-0] INFO  com.pharmacie.utils.SyncService - Synchronisation vers le Cloud réussie avec succès !
2026-04-18 09:30:33 [Timer-0] INFO  com.pharmacie.utils.SyncService - Internet détecté. Début de la synchronisation...
2026-04-18 09:30:33 [Timer-0] INFO  com.pharmacie.utils.SyncService - Envoi sécurisé des données vers le Cloud : https://api.pharmacie-veterinaire-cloud.com/sync
2026-04-18 09:30:33 [Timer-0] INFO  com.pharmacie.utils.SyncService - Synchronisation vers le Cloud réussie avec succès !
2026-04-18 09:35:22 [Timer-0] INFO  com.pharmacie.utils.SyncService - Internet détecté. Début de la synchronisation...
2026-04-18 09:35:22 [Timer-0] INFO  com.pharmacie.utils.SyncService - Envoi sécurisé des données vers le Cloud : https://api.pharmacie-veterinaire-cloud.com/sync
2026-04-18 09:35:22 [Timer-0] INFO  com.pharmacie.utils.SyncService - Synchronisation vers le Cloud réussie avec succès !
2026-04-18 09:40:32 [Timer-0] WARN  com.pharmacie.utils.SyncService - Pas d'accès Internet. Fonctionnement 100% hors-ligne maintenu.
2026-04-18 09:45:33 [Timer-0] INFO  com.pharmacie.utils.SyncService - Internet détecté. Début de la synchronisation...
2026-04-18 09:45:33 [Timer-0] INFO  com.pharmacie.utils.SyncService - Envoi sécurisé des données vers le Cloud : https://api.pharmacie-veterinaire-cloud.com/sync
2026-04-18 09:45:33 [Timer-0] INFO  com.pharmacie.utils.SyncService - Synchronisation vers le Cloud réussie avec succès !
2026-04-18 09:50:22 [Timer-0] INFO  com.pharmacie.utils.SyncService - Internet détecté. Début de la synchronisation...
2026-04-18 09:50:22 [Timer-0] INFO  com.pharmacie.utils.SyncService - Envoi sécurisé des données vers le Cloud : https://api.pharmacie-veterinaire-cloud.com/sync
2026-04-18 09:50:22 [Timer-0] INFO  com.pharmacie.utils.SyncService - Synchronisation vers le Cloud réussie avec succès !
2026-04-18 09:55:22 [Timer-0] INFO  com.pharmacie.utils.SyncService - Internet détecté. Début de la synchronisation...
2026-04-18 09:55:22 [Timer-0] INFO  com.pharmacie.utils.SyncService - Envoi sécurisé des données vers le Cloud : https://api.pharmacie-veterinaire-cloud.com/sync
2026-04-18 09:55:22 [Timer-0] INFO  com.pharmacie.utils.SyncService - Synchronisation vers le Cloud réussie avec succès !
2026-04-18 09:58:30 [JavaFX Application Thread] INFO  com.pharmacie.utils.SyncService - Service de synchronisation arrêté.
2026-04-18 09:59:21 [JavaFX Application Thread] WARN  o.hibernate.orm.connections.pooling - HHH10001002: Using built-in connection pool (not intended for production use)
2026-04-18 09:59:22 [JavaFX Application Thread] WARN  org.hibernate.orm.deprecation - HHH90000025: MySQLDialect does not need to be specified explicitly using 'hibernate.dialect' (remove the property setting and it will be selected by default)
2026-04-18 09:59:28 [Timer-0] INFO  com.pharmacie.utils.SyncService - Internet détecté. Début de la synchronisation...
2026-04-18 09:59:28 [Timer-0] INFO  com.pharmacie.utils.SyncService - Envoi sécurisé des données vers le Cloud : https://api.pharmacie-veterinaire-cloud.com/sync
2026-04-18 09:59:28 [Timer-0] INFO  com.pharmacie.utils.SyncService - Synchronisation vers le Cloud réussie avec succès !
2026-04-18 09:59:42 [JavaFX Application Thread] INFO  c.p.controllers.LoginController - Connexion Setup Admin avec ID: 1
2026-04-18 10:04:27 [Timer-0] WARN  com.pharmacie.utils.SyncService - Pas d'accès Internet. Fonctionnement 100% hors-ligne maintenu.
2026-04-18 10:09:40 [Timer-0] INFO  com.pharmacie.utils.SyncService - Internet détecté. Début de la synchronisation...
2026-04-18 10:09:40 [Timer-0] INFO  com.pharmacie.utils.SyncService - Envoi sécurisé des données vers le Cloud : https://api.pharmacie-veterinaire-cloud.com/sync
2026-04-18 10:09:40 [Timer-0] INFO  com.pharmacie.utils.SyncService - Synchronisation vers le Cloud réussie avec succès !
2026-04-18 10:10:03 [JavaFX Application Thread] INFO  com.pharmacie.utils.SyncService - Service de synchronisation arrêté.
2026-04-18 10:10:44 [JavaFX Application Thread] WARN  o.hibernate.orm.connections.pooling - HHH10001002: Using built-in connection pool (not intended for production use)
2026-04-18 10:10:46 [JavaFX Application Thread] WARN  org.hibernate.orm.deprecation - HHH90000025: MySQLDialect does not need to be specified explicitly using 'hibernate.dialect' (remove the property setting and it will be selected by default)
2026-04-18 10:11:03 [Timer-0] INFO  com.pharmacie.utils.SyncService - Internet détecté. Début de la synchronisation...
2026-04-18 10:11:03 [Timer-0] INFO  com.pharmacie.utils.SyncService - Envoi sécurisé des données vers le Cloud : https://api.pharmacie-veterinaire-cloud.com/sync
2026-04-18 10:11:03 [Timer-0] INFO  com.pharmacie.utils.SyncService - Synchronisation vers le Cloud réussie avec succès !
2026-04-18 10:11:07 [JavaFX Application Thread] INFO  c.p.controllers.LoginController - Connexion Setup Admin avec ID: 1
2026-04-18 10:16:06 [Timer-0] WARN  com.pharmacie.utils.SyncService - Pas d'accès Internet. Fonctionnement 100% hors-ligne maintenu.
2026-04-18 10:21:03 [Timer-0] INFO  com.pharmacie.utils.SyncService - Internet détecté. Début de la synchronisation...
2026-04-18 10:21:03 [Timer-0] INFO  com.pharmacie.utils.SyncService - Envoi sécurisé des données vers le Cloud : https://api.pharmacie-veterinaire-cloud.com/sync
2026-04-18 10:21:03 [Timer-0] INFO  com.pharmacie.utils.SyncService - Synchronisation vers le Cloud réussie avec succès !
2026-04-18 10:26:03 [Timer-0] INFO  com.pharmacie.utils.SyncService - Internet détecté. Début de la synchronisation...
2026-04-18 10:26:03 [Timer-0] INFO  com.pharmacie.utils.SyncService - Envoi sécurisé des données vers le Cloud : https://api.pharmacie-veterinaire-cloud.com/sync
2026-04-18 10:26:03 [Timer-0] INFO  com.pharmacie.utils.SyncService - Synchronisation vers le Cloud réussie avec succès !
2026-04-18 10:26:09 [JavaFX Application Thread] INFO  com.pharmacie.utils.SyncService - Service de synchronisation arrêté.
2026-04-18 10:27:12 [JavaFX Application Thread] WARN  o.hibernate.orm.connections.pooling - HHH10001002: Using built-in connection pool (not intended for production use)
2026-04-18 10:27:13 [JavaFX Application Thread] WARN  org.hibernate.orm.deprecation - HHH90000025: MySQLDialect does not need to be specified explicitly using 'hibernate.dialect' (remove the property setting and it will be selected by default)
2026-04-18 10:27:21 [Timer-0] INFO  com.pharmacie.utils.SyncService - Internet détecté. Début de la synchronisation...
2026-04-18 10:27:21 [Timer-0] INFO  com.pharmacie.utils.SyncService - Envoi sécurisé des données vers le Cloud : https://api.pharmacie-veterinaire-cloud.com/sync
2026-04-18 10:27:21 [Timer-0] INFO  com.pharmacie.utils.SyncService - Synchronisation vers le Cloud réussie avec succès !
2026-04-18 10:27:34 [JavaFX Application Thread] INFO  c.p.controllers.LoginController - Connexion Setup Admin avec ID: 1
2026-04-18 10:32:32 [Timer-0] INFO  com.pharmacie.utils.SyncService - Internet détecté. Début de la synchronisation...
2026-04-18 10:32:32 [Timer-0] INFO  com.pharmacie.utils.SyncService - Envoi sécurisé des données vers le Cloud : https://api.pharmacie-veterinaire-cloud.com/sync
2026-04-18 10:32:32 [Timer-0] INFO  com.pharmacie.utils.SyncService - Synchronisation vers le Cloud réussie avec succès !
2026-04-18 10:37:33 [Timer-0] INFO  com.pharmacie.utils.SyncService - Internet détecté. Début de la synchronisation...
2026-04-18 10:37:33 [Timer-0] INFO  com.pharmacie.utils.SyncService - Envoi sécurisé des données vers le Cloud : https://api.pharmacie-veterinaire-cloud.com/sync
2026-04-18 10:37:33 [Timer-0] INFO  com.pharmacie.utils.SyncService - Synchronisation vers le Cloud réussie avec succès !
2026-04-18 10:40:40 [JavaFX Application Thread] INFO  com.pharmacie.utils.SyncService - Service de synchronisation arrêté.
2026-04-18 10:41:24 [JavaFX Application Thread] WARN  o.hibernate.orm.connections.pooling - HHH10001002: Using built-in connection pool (not intended for production use)
2026-04-18 10:41:25 [JavaFX Application Thread] WARN  org.hibernate.orm.deprecation - HHH90000025: MySQLDialect does not need to be specified explicitly using 'hibernate.dialect' (remove the property setting and it will be selected by default)
2026-04-18 10:41:33 [Timer-0] INFO  com.pharmacie.utils.SyncService - Internet détecté. Début de la synchronisation...
2026-04-18 10:41:33 [Timer-0] INFO  com.pharmacie.utils.SyncService - Envoi sécurisé des données vers le Cloud : https://api.pharmacie-veterinaire-cloud.com/sync
2026-04-18 10:41:33 [Timer-0] INFO  com.pharmacie.utils.SyncService - Synchronisation vers le Cloud réussie avec succès !
2026-04-18 10:41:44 [JavaFX Application Thread] INFO  c.p.controllers.LoginController - Connexion Setup Admin avec ID: 1
2026-04-18 10:46:44 [Timer-0] INFO  com.pharmacie.utils.SyncService - Internet détecté. Début de la synchronisation...
2026-04-18 10:46:44 [Timer-0] INFO  com.pharmacie.utils.SyncService - Envoi sécurisé des données vers le Cloud : https://api.pharmacie-veterinaire-cloud.com/sync
2026-04-18 10:46:44 [Timer-0] INFO  com.pharmacie.utils.SyncService - Synchronisation vers le Cloud réussie avec succès !
2026-04-18 10:51:44 [Timer-0] INFO  com.pharmacie.utils.SyncService - Internet détecté. Début de la synchronisation...
2026-04-18 10:51:44 [Timer-0] INFO  com.pharmacie.utils.SyncService - Envoi sécurisé des données vers le Cloud : https://api.pharmacie-veterinaire-cloud.com/sync
2026-04-18 10:51:44 [Timer-0] INFO  com.pharmacie.utils.SyncService - Synchronisation vers le Cloud réussie avec succès !
2026-04-18 10:56:44 [Timer-0] INFO  com.pharmacie.utils.SyncService - Internet détecté. Début de la synchronisation...
2026-04-18 10:56:44 [Timer-0] INFO  com.pharmacie.utils.SyncService - Envoi sécurisé des données vers le Cloud : https://api.pharmacie-veterinaire-cloud.com/sync
2026-04-18 10:56:44 [Timer-0] INFO  com.pharmacie.utils.SyncService - Synchronisation vers le Cloud réussie avec succès !
2026-04-18 11:01:25 [JavaFX Application Thread] INFO  com.pharmacie.utils.SyncService - Service de synchronisation arrêté.
2026-04-18 11:02:08 [JavaFX Application Thread] WARN  o.hibernate.orm.connections.pooling - HHH10001002: Using built-in connection pool (not intended for production use)
2026-04-18 11:02:08 [JavaFX Application Thread] WARN  org.hibernate.orm.deprecation - HHH90000025: MySQLDialect does not need to be specified explicitly using 'hibernate.dialect' (remove the property setting and it will be selected by default)
2026-04-18 11:02:27 [JavaFX Application Thread] INFO  c.p.controllers.LoginController - Connexion Setup Admin avec ID: 1
2026-04-18 11:02:27 [Timer-0] INFO  com.pharmacie.utils.SyncService - Internet détecté. Début de la synchronisation...
2026-04-18 11:02:27 [Timer-0] INFO  com.pharmacie.utils.SyncService - Envoi sécurisé des données vers le Cloud : https://api.pharmacie-veterinaire-cloud.com/sync
2026-04-18 11:02:27 [Timer-0] INFO  com.pharmacie.utils.SyncService - Synchronisation vers le Cloud réussie avec succès !
2026-04-18 11:07:27 [Timer-0] INFO  com.pharmacie.utils.SyncService - Internet détecté. Début de la synchronisation...
2026-04-18 11:07:27 [Timer-0] INFO  com.pharmacie.utils.SyncService - Envoi sécurisé des données vers le Cloud : https://api.pharmacie-veterinaire-cloud.com/sync
2026-04-18 11:07:27 [Timer-0] INFO  com.pharmacie.utils.SyncService - Synchronisation vers le Cloud réussie avec succès !
2026-04-18 11:12:27 [Timer-0] INFO  com.pharmacie.utils.SyncService - Internet détecté. Début de la synchronisation...
2026-04-18 11:12:27 [Timer-0] INFO  com.pharmacie.utils.SyncService - Envoi sécurisé des données vers le Cloud : https://api.pharmacie-veterinaire-cloud.com/sync
2026-04-18 11:12:27 [Timer-0] INFO  com.pharmacie.utils.SyncService - Synchronisation vers le Cloud réussie avec succès !
2026-04-18 11:15:52 [JavaFX Application Thread] INFO  com.pharmacie.utils.SyncService - Service de synchronisation arrêté.
2026-04-18 11:16:31 [JavaFX Application Thread] WARN  o.hibernate.orm.connections.pooling - HHH10001002: Using built-in connection pool (not intended for production use)
2026-04-18 11:16:32 [JavaFX Application Thread] WARN  org.hibernate.orm.deprecation - HHH90000025: MySQLDialect does not need to be specified explicitly using 'hibernate.dialect' (remove the property setting and it will be selected by default)
2026-04-18 11:16:50 [Timer-0] INFO  com.pharmacie.utils.SyncService - Internet détecté. Début de la synchronisation...
2026-04-18 11:16:50 [Timer-0] INFO  com.pharmacie.utils.SyncService - Envoi sécurisé des données vers le Cloud : https://api.pharmacie-veterinaire-cloud.com/sync
2026-04-18 11:16:50 [Timer-0] INFO  com.pharmacie.utils.SyncService - Synchronisation vers le Cloud réussie avec succès !
2026-04-18 11:17:05 [JavaFX Application Thread] INFO  c.p.controllers.LoginController - Connexion Setup Admin avec ID: 1
2026-04-18 11:21:39 [Timer-0] INFO  com.pharmacie.utils.SyncService - Internet détecté. Début de la synchronisation...
2026-04-18 11:21:39 [Timer-0] INFO  com.pharmacie.utils.SyncService - Envoi sécurisé des données vers le Cloud : https://api.pharmacie-veterinaire-cloud.com/sync
2026-04-18 11:21:39 [Timer-0] INFO  com.pharmacie.utils.SyncService - Synchronisation vers le Cloud réussie avec succès !
2026-04-18 11:25:57 [JavaFX Application Thread] INFO  com.pharmacie.utils.SyncService - Service de synchronisation arrêté.
2026-04-18 11:26:54 [JavaFX Application Thread] WARN  o.hibernate.orm.connections.pooling - HHH10001002: Using built-in connection pool (not intended for production use)
2026-04-18 11:26:55 [JavaFX Application Thread] WARN  org.hibernate.orm.deprecation - HHH90000025: MySQLDialect does not need to be specified explicitly using 'hibernate.dialect' (remove the property setting and it will be selected by default)
2026-04-18 11:27:14 [Timer-0] INFO  com.pharmacie.utils.SyncService - Internet détecté. Début de la synchronisation...
2026-04-18 11:27:14 [Timer-0] INFO  com.pharmacie.utils.SyncService - Envoi sécurisé des données vers le Cloud : https://api.pharmacie-veterinaire-cloud.com/sync
2026-04-18 11:27:14 [Timer-0] INFO  com.pharmacie.utils.SyncService - Synchronisation vers le Cloud réussie avec succès !
2026-04-18 11:27:14 [JavaFX Application Thread] INFO  c.p.controllers.LoginController - Connexion Setup Admin avec ID: 1
2026-04-18 11:32:14 [Timer-0] INFO  com.pharmacie.utils.SyncService - Internet détecté. Début de la synchronisation...
2026-04-18 11:32:14 [Timer-0] INFO  com.pharmacie.utils.SyncService - Envoi sécurisé des données vers le Cloud : https://api.pharmacie-veterinaire-cloud.com/sync
2026-04-18 11:32:14 [Timer-0] INFO  com.pharmacie.utils.SyncService - Synchronisation vers le Cloud réussie avec succès !
2026-04-18 11:32:14 [JavaFX Application Thread] INFO  com.pharmacie.utils.SyncService - Service de synchronisation arrêté.
2026-04-18 11:53:35 [JavaFX Application Thread] WARN  o.hibernate.orm.connections.pooling - HHH10001002: Using built-in connection pool (not intended for production use)
2026-04-18 11:53:36 [JavaFX Application Thread] WARN  org.hibernate.orm.deprecation - HHH90000025: MySQLDialect does not need to be specified explicitly using 'hibernate.dialect' (remove the property setting and it will be selected by default)
2026-04-18 11:53:55 [Timer-0] INFO  com.pharmacie.utils.SyncService - Internet détecté. Début de la synchronisation...
2026-04-18 11:53:55 [Timer-0] INFO  com.pharmacie.utils.SyncService - Envoi sécurisé des données vers le Cloud : https://api.pharmacie-veterinaire-cloud.com/sync
2026-04-18 11:53:55 [Timer-0] INFO  com.pharmacie.utils.SyncService - Synchronisation vers le Cloud réussie avec succès !
2026-04-18 11:54:15 [JavaFX Application Thread] INFO  c.p.controllers.LoginController - Connexion Setup Admin avec ID: 1
2026-04-18 11:58:55 [Timer-0] WARN  com.pharmacie.utils.SyncService - Pas d'accès Internet. Fonctionnement 100% hors-ligne maintenu.
2026-04-18 12:03:55 [Timer-0] WARN  com.pharmacie.utils.SyncService - Pas d'accès Internet. Fonctionnement 100% hors-ligne maintenu.
2026-04-18 12:08:55 [Timer-0] WARN  com.pharmacie.utils.SyncService - Pas d'accès Internet. Fonctionnement 100% hors-ligne maintenu.
2026-04-18 12:13:43 [Timer-0] WARN  com.pharmacie.utils.SyncService - Pas d'accès Internet. Fonctionnement 100% hors-ligne maintenu.
2026-04-18 12:18:44 [Timer-0] INFO  com.pharmacie.utils.SyncService - Internet détecté. Début de la synchronisation...
2026-04-18 12:18:44 [Timer-0] INFO  com.pharmacie.utils.SyncService - Envoi sécurisé des données vers le Cloud : https://api.pharmacie-veterinaire-cloud.com/sync
2026-04-18 12:18:44 [Timer-0] INFO  com.pharmacie.utils.SyncService - Synchronisation vers le Cloud réussie avec succès !
2026-04-18 12:19:40 [JavaFX Application Thread] INFO  com.pharmacie.utils.SyncService - Service de synchronisation arrêté.
2026-04-18 12:20:07 [JavaFX Application Thread] WARN  o.hibernate.orm.connections.pooling - HHH10001002: Using built-in connection pool (not intended for production use)
2026-04-18 12:20:07 [JavaFX Application Thread] WARN  org.hibernate.orm.deprecation - HHH90000025: MySQLDialect does not need to be specified explicitly using 'hibernate.dialect' (remove the property setting and it will be selected by default)
2026-04-18 12:20:22 [JavaFX Application Thread] INFO  c.p.controllers.LoginController - Connexion Setup Admin avec ID: 1
2026-04-18 12:20:28 [Timer-0] INFO  com.pharmacie.utils.SyncService - Internet détecté. Début de la synchronisation...
2026-04-18 12:20:28 [Timer-0] INFO  com.pharmacie.utils.SyncService - Envoi sécurisé des données vers le Cloud : https://api.pharmacie-veterinaire-cloud.com/sync
2026-04-18 12:20:28 [Timer-0] INFO  com.pharmacie.utils.SyncService - Synchronisation vers le Cloud réussie avec succès !
2026-04-18 12:25:16 [Timer-0] INFO  com.pharmacie.utils.SyncService - Internet détecté. Début de la synchronisation...
2026-04-18 12:25:16 [Timer-0] INFO  com.pharmacie.utils.SyncService - Envoi sécurisé des données vers le Cloud : https://api.pharmacie-veterinaire-cloud.com/sync
2026-04-18 12:25:16 [Timer-0] INFO  com.pharmacie.utils.SyncService - Synchronisation vers le Cloud réussie avec succès !
2026-04-18 12:30:28 [Timer-0] INFO  com.pharmacie.utils.SyncService - Internet détecté. Début de la synchronisation...
2026-04-18 12:30:28 [Timer-0] INFO  com.pharmacie.utils.SyncService - Envoi sécurisé des données vers le Cloud : https://api.pharmacie-veterinaire-cloud.com/sync
2026-04-18 12:30:28 [Timer-0] INFO  com.pharmacie.utils.SyncService - Synchronisation vers le Cloud réussie avec succès !
2026-04-18 12:32:15 [JavaFX Application Thread] INFO  com.pharmacie.utils.SyncService - Service de synchronisation arrêté.
