2026-05-04 08:40:51.723 [com.pharmacie.DataCleaner.main()] INFO  com.pharmacie.utils.HibernateUtil - [Migration] Colonne 'motif' ťlargie ŗ VARCHAR(255) avec succŤs.
2026-05-04 08:42:37.930 [JavaFX Application Thread] INFO  com.pharmacie.MainApp - Dťmarrage de l'application Vet-Pharmacy...
2026-05-04 08:42:47.836 [JavaFX Application Thread] INFO  com.pharmacie.utils.HibernateUtil - [Migration] Colonne 'motif' ťlargie ŗ VARCHAR(255) avec succŤs.
2026-05-04 08:42:59.821 [Timer-0] INFO  com.pharmacie.utils.SyncService - Internet dťtectť. Dťbut de la synchronisation Cloud...
2026-05-04 08:42:59.822 [Timer-0] INFO  com.pharmacie.utils.SyncService - Dťmarrage extraction agrťgats Jumeau Numťrique...
2026-05-04 08:43:02.248 [Timer-0] INFO  com.pharmacie.utils.SyncService - Fichier JSON ťcrit : C:\projetjavasout\sync\dashboard_snapshot.json (3574 octets)
2026-05-04 08:43:05.706 [Timer-0] INFO  com.pharmacie.utils.SyncService - Synchro Cloud Supabase rťussie ! (Code: 200)
2026-05-04 08:43:05.708 [Timer-0] INFO  com.pharmacie.utils.SyncService - Snapshot JSON ťcrit dans sync/dashboard_snapshot.json
2026-05-04 08:43:27.548 [JavaFX Application Thread] INFO  c.p.controllers.LoginController - Connexion Setup Admin avec ID: 1
2026-05-04 08:44:34.067 [Thread-7] INFO  com.pharmacie.utils.SyncService - Dťmarrage extraction agrťgats Jumeau Numťrique...
2026-05-04 08:44:34.429 [Thread-7] INFO  com.pharmacie.utils.SyncService - Fichier JSON ťcrit : C:\projetjavasout\sync\dashboard_snapshot.json (3574 octets)
2026-05-04 08:44:35.780 [Thread-7] INFO  com.pharmacie.utils.SyncService - Synchro Cloud Supabase rťussie ! (Code: 200)
2026-05-04 08:44:35.782 [Thread-7] INFO  com.pharmacie.utils.SyncService - Snapshot JSON ťcrit dans sync/dashboard_snapshot.json
2026-05-04 08:47:59.907 [Timer-0] INFO  com.pharmacie.utils.SyncService - Internet dťtectť. Dťbut de la synchronisation Cloud...
2026-05-04 08:47:59.908 [Timer-0] INFO  com.pharmacie.utils.SyncService - Dťmarrage extraction agrťgats Jumeau Numťrique...
2026-05-04 08:48:00.110 [Timer-0] INFO  com.pharmacie.utils.SyncService - Fichier JSON ťcrit : C:\projetjavasout\sync\dashboard_snapshot.json (3574 octets)
2026-05-04 08:48:01.538 [Timer-0] INFO  com.pharmacie.utils.SyncService - Synchro Cloud Supabase rťussie ! (Code: 200)
2026-05-04 08:48:01.540 [Timer-0] INFO  com.pharmacie.utils.SyncService - Snapshot JSON ťcrit dans sync/dashboard_snapshot.json
2026-05-04 08:52:49.192 [Timer-0] INFO  com.pharmacie.utils.SyncService - Internet dťtectť. Dťbut de la synchronisation Cloud...
2026-05-04 08:52:49.192 [Timer-0] INFO  com.pharmacie.utils.SyncService - Dťmarrage extraction agrťgats Jumeau Numťrique...
2026-05-04 08:52:49.356 [Timer-0] INFO  com.pharmacie.utils.SyncService - Fichier JSON ťcrit : C:\projetjavasout\sync\dashboard_snapshot.json (3574 octets)
2026-05-04 08:53:04.237 [Timer-0] INFO  com.pharmacie.utils.SyncService - Synchro Cloud Supabase rťussie ! (Code: 200)
2026-05-04 08:53:04.239 [Timer-0] INFO  com.pharmacie.utils.SyncService - Snapshot JSON ťcrit dans sync/dashboard_snapshot.json
2026-05-04 08:58:00.056 [Timer-0] INFO  com.pharmacie.utils.SyncService - Internet dťtectť. Dťbut de la synchronisation Cloud...
2026-05-04 08:58:00.057 [Timer-0] INFO  com.pharmacie.utils.SyncService - Dťmarrage extraction agrťgats Jumeau Numťrique...
2026-05-04 08:58:00.268 [Timer-0] INFO  com.pharmacie.utils.SyncService - Fichier JSON ťcrit : C:\projetjavasout\sync\dashboard_snapshot.json (3573 octets)
2026-05-04 08:58:01.691 [Timer-0] INFO  com.pharmacie.utils.SyncService - Synchro Cloud Supabase rťussie ! (Code: 200)
2026-05-04 08:58:01.694 [Timer-0] INFO  com.pharmacie.utils.SyncService - Snapshot JSON ťcrit dans sync/dashboard_snapshot.json
2026-05-04 09:03:00.050 [Timer-0] INFO  com.pharmacie.utils.SyncService - Internet dťtectť. Dťbut de la synchronisation Cloud...
2026-05-04 09:03:00.050 [Timer-0] INFO  com.pharmacie.utils.SyncService - Dťmarrage extraction agrťgats Jumeau Numťrique...
2026-05-04 09:03:00.257 [Timer-0] INFO  com.pharmacie.utils.SyncService - Fichier JSON ťcrit : C:\projetjavasout\sync\dashboard_snapshot.json (3574 octets)
2026-05-04 09:03:02.778 [Timer-0] INFO  com.pharmacie.utils.SyncService - Synchro Cloud Supabase rťussie ! (Code: 200)
2026-05-04 09:03:02.780 [Timer-0] INFO  com.pharmacie.utils.SyncService - Snapshot JSON ťcrit dans sync/dashboard_snapshot.json
2026-05-04 09:08:00.068 [Timer-0] INFO  com.pharmacie.utils.SyncService - Internet dťtectť. Dťbut de la synchronisation Cloud...
2026-05-04 09:08:00.068 [Timer-0] INFO  com.pharmacie.utils.SyncService - Dťmarrage extraction agrťgats Jumeau Numťrique...
2026-05-04 09:08:00.270 [Timer-0] INFO  com.pharmacie.utils.SyncService - Fichier JSON ťcrit : C:\projetjavasout\sync\dashboard_snapshot.json (3573 octets)
2026-05-04 09:08:01.828 [Timer-0] INFO  com.pharmacie.utils.SyncService - Synchro Cloud Supabase rťussie ! (Code: 200)
2026-05-04 09:08:01.830 [Timer-0] INFO  com.pharmacie.utils.SyncService - Snapshot JSON ťcrit dans sync/dashboard_snapshot.json
2026-05-04 09:13:00.066 [Timer-0] INFO  com.pharmacie.utils.SyncService - Internet dťtectť. Dťbut de la synchronisation Cloud...
2026-05-04 09:13:00.067 [Timer-0] INFO  com.pharmacie.utils.SyncService - Dťmarrage extraction agrťgats Jumeau Numťrique...
2026-05-04 09:13:00.300 [Timer-0] INFO  com.pharmacie.utils.SyncService - Fichier JSON ťcrit : C:\projetjavasout\sync\dashboard_snapshot.json (3574 octets)
2026-05-04 09:13:02.758 [Timer-0] INFO  com.pharmacie.utils.SyncService - Synchro Cloud Supabase rťussie ! (Code: 200)
2026-05-04 09:13:02.759 [Timer-0] INFO  com.pharmacie.utils.SyncService - Snapshot JSON ťcrit dans sync/dashboard_snapshot.json
2026-05-04 09:18:00.079 [Timer-0] INFO  com.pharmacie.utils.SyncService - Internet dťtectť. Dťbut de la synchronisation Cloud...
2026-05-04 09:18:00.079 [Timer-0] INFO  com.pharmacie.utils.SyncService - Dťmarrage extraction agrťgats Jumeau Numťrique...
2026-05-04 09:18:00.521 [Timer-0] INFO  com.pharmacie.utils.SyncService - Fichier JSON ťcrit : C:\projetjavasout\sync\dashboard_snapshot.json (3574 octets)
2026-05-04 09:18:03.383 [Timer-0] INFO  com.pharmacie.utils.SyncService - Synchro Cloud Supabase rťussie ! (Code: 200)
2026-05-04 09:18:03.385 [Timer-0] INFO  com.pharmacie.utils.SyncService - Snapshot JSON ťcrit dans sync/dashboard_snapshot.json
