2026-04-19 00:02:11.208 [Timer-0] INFO  com.pharmacie.utils.SyncService - Internet détecté. Début de la synchronisation...
2026-04-19 00:02:11.208 [Timer-0] INFO  com.pharmacie.utils.SyncService - Envoi sécurisé des données vers le Cloud : https://api.pharmacie-veterinaire-cloud.com/sync
2026-04-19 00:02:11.208 [Timer-0] INFO  com.pharmacie.utils.SyncService - Synchronisation vers le Cloud réussie avec succčs !
2026-04-19 00:07:12.011 [Timer-0] WARN  com.pharmacie.utils.SyncService - Pas d'accčs Internet. Fonctionnement 100% hors-ligne maintenu.
2026-04-19 00:12:00.025 [Timer-0] INFO  com.pharmacie.utils.SyncService - Internet détecté. Début de la synchronisation...
2026-04-19 00:12:00.025 [Timer-0] INFO  com.pharmacie.utils.SyncService - Envoi sécurisé des données vers le Cloud : https://api.pharmacie-veterinaire-cloud.com/sync
2026-04-19 00:12:00.025 [Timer-0] INFO  com.pharmacie.utils.SyncService - Synchronisation vers le Cloud réussie avec succčs !
2026-04-19 00:17:14.504 [Timer-0] WARN  com.pharmacie.utils.SyncService - Pas d'accčs Internet. Fonctionnement 100% hors-ligne maintenu.
2026-04-19 00:21:59.462 [Timer-0] WARN  com.pharmacie.utils.SyncService - Pas d'accčs Internet. Fonctionnement 100% hors-ligne maintenu.
2026-04-19 00:27:11.472 [Timer-0] WARN  com.pharmacie.utils.SyncService - Pas d'accčs Internet. Fonctionnement 100% hors-ligne maintenu.
2026-04-19 00:32:03.625 [Timer-0] INFO  com.pharmacie.utils.SyncService - Internet détecté. Début de la synchronisation...
2026-04-19 00:32:03.625 [Timer-0] INFO  com.pharmacie.utils.SyncService - Envoi sécurisé des données vers le Cloud : https://api.pharmacie-veterinaire-cloud.com/sync
2026-04-19 00:32:03.625 [Timer-0] INFO  com.pharmacie.utils.SyncService - Synchronisation vers le Cloud réussie avec succčs !
2026-04-19 00:37:12.339 [Timer-0] INFO  com.pharmacie.utils.SyncService - Internet détecté. Début de la synchronisation...
2026-04-19 00:37:12.339 [Timer-0] INFO  com.pharmacie.utils.SyncService - Envoi sécurisé des données vers le Cloud : https://api.pharmacie-veterinaire-cloud.com/sync
2026-04-19 00:37:12.339 [Timer-0] INFO  com.pharmacie.utils.SyncService - Synchronisation vers le Cloud réussie avec succčs !
2026-04-19 05:51:19.157 [JavaFX Application Thread] INFO  c.p.controllers.VenteController - Vente (ID: 71) validée et enregistrée via VenteService !
2026-04-19 05:53:33.754 [Timer-0] WARN  com.pharmacie.utils.SyncService - Pas d'accčs Internet. Fonctionnement 100% hors-ligne maintenu.
2026-04-19 05:53:33.755 [Timer-0] WARN  com.pharmacie.utils.SyncService - Pas d'accčs Internet. Fonctionnement 100% hors-ligne maintenu.
2026-04-19 05:53:33.757 [Timer-0] WARN  com.pharmacie.utils.SyncService - Pas d'accčs Internet. Fonctionnement 100% hors-ligne maintenu.
2026-04-19 05:53:33.758 [Timer-0] WARN  com.pharmacie.utils.SyncService - Pas d'accčs Internet. Fonctionnement 100% hors-ligne maintenu.
2026-04-19 05:53:33.759 [Timer-0] WARN  com.pharmacie.utils.SyncService - Pas d'accčs Internet. Fonctionnement 100% hors-ligne maintenu.
2026-04-19 05:53:33.759 [Timer-0] WARN  com.pharmacie.utils.SyncService - Pas d'accčs Internet. Fonctionnement 100% hors-ligne maintenu.
2026-04-19 05:53:33.761 [Timer-0] WARN  com.pharmacie.utils.SyncService - Pas d'accčs Internet. Fonctionnement 100% hors-ligne maintenu.
2026-04-19 05:53:33.762 [Timer-0] WARN  com.pharmacie.utils.SyncService - Pas d'accčs Internet. Fonctionnement 100% hors-ligne maintenu.
2026-04-19 05:53:33.763 [Timer-0] WARN  com.pharmacie.utils.SyncService - Pas d'accčs Internet. Fonctionnement 100% hors-ligne maintenu.
2026-04-19 05:53:33.764 [Timer-0] WARN  com.pharmacie.utils.SyncService - Pas d'accčs Internet. Fonctionnement 100% hors-ligne maintenu.
2026-04-19 05:53:33.766 [Timer-0] WARN  com.pharmacie.utils.SyncService - Pas d'accčs Internet. Fonctionnement 100% hors-ligne maintenu.
2026-04-19 05:53:33.767 [Timer-0] WARN  com.pharmacie.utils.SyncService - Pas d'accčs Internet. Fonctionnement 100% hors-ligne maintenu.
2026-04-19 05:53:33.769 [Timer-0] WARN  com.pharmacie.utils.SyncService - Pas d'accčs Internet. Fonctionnement 100% hors-ligne maintenu.
2026-04-19 05:53:33.771 [Timer-0] WARN  com.pharmacie.utils.SyncService - Pas d'accčs Internet. Fonctionnement 100% hors-ligne maintenu.
2026-04-19 05:53:33.772 [Timer-0] WARN  com.pharmacie.utils.SyncService - Pas d'accčs Internet. Fonctionnement 100% hors-ligne maintenu.
2026-04-19 05:53:33.774 [Timer-0] WARN  com.pharmacie.utils.SyncService - Pas d'accčs Internet. Fonctionnement 100% hors-ligne maintenu.
2026-04-19 05:53:33.775 [Timer-0] WARN  com.pharmacie.utils.SyncService - Pas d'accčs Internet. Fonctionnement 100% hors-ligne maintenu.
2026-04-19 05:53:33.777 [Timer-0] WARN  com.pharmacie.utils.SyncService - Pas d'accčs Internet. Fonctionnement 100% hors-ligne maintenu.
2026-04-19 05:53:33.779 [Timer-0] WARN  com.pharmacie.utils.SyncService - Pas d'accčs Internet. Fonctionnement 100% hors-ligne maintenu.
2026-04-19 05:53:33.780 [Timer-0] WARN  com.pharmacie.utils.SyncService - Pas d'accčs Internet. Fonctionnement 100% hors-ligne maintenu.
2026-04-19 05:53:33.781 [Timer-0] WARN  com.pharmacie.utils.SyncService - Pas d'accčs Internet. Fonctionnement 100% hors-ligne maintenu.
2026-04-19 05:53:33.783 [Timer-0] WARN  com.pharmacie.utils.SyncService - Pas d'accčs Internet. Fonctionnement 100% hors-ligne maintenu.
2026-04-19 05:53:33.785 [Timer-0] WARN  com.pharmacie.utils.SyncService - Pas d'accčs Internet. Fonctionnement 100% hors-ligne maintenu.
2026-04-19 05:53:33.786 [Timer-0] WARN  com.pharmacie.utils.SyncService - Pas d'accčs Internet. Fonctionnement 100% hors-ligne maintenu.
2026-04-19 05:53:33.788 [Timer-0] WARN  com.pharmacie.utils.SyncService - Pas d'accčs Internet. Fonctionnement 100% hors-ligne maintenu.
2026-04-19 05:53:33.790 [Timer-0] WARN  com.pharmacie.utils.SyncService - Pas d'accčs Internet. Fonctionnement 100% hors-ligne maintenu.
2026-04-19 05:53:33.792 [Timer-0] WARN  com.pharmacie.utils.SyncService - Pas d'accčs Internet. Fonctionnement 100% hors-ligne maintenu.
2026-04-19 05:53:33.793 [Timer-0] WARN  com.pharmacie.utils.SyncService - Pas d'accčs Internet. Fonctionnement 100% hors-ligne maintenu.
2026-04-19 05:53:33.794 [Timer-0] WARN  com.pharmacie.utils.SyncService - Pas d'accčs Internet. Fonctionnement 100% hors-ligne maintenu.
2026-04-19 05:53:33.795 [Timer-0] WARN  com.pharmacie.utils.SyncService - Pas d'accčs Internet. Fonctionnement 100% hors-ligne maintenu.
2026-04-19 05:53:33.797 [Timer-0] WARN  com.pharmacie.utils.SyncService - Pas d'accčs Internet. Fonctionnement 100% hors-ligne maintenu.
2026-04-19 05:53:33.798 [Timer-0] WARN  com.pharmacie.utils.SyncService - Pas d'accčs Internet. Fonctionnement 100% hors-ligne maintenu.
2026-04-19 05:53:33.799 [Timer-0] WARN  com.pharmacie.utils.SyncService - Pas d'accčs Internet. Fonctionnement 100% hors-ligne maintenu.
2026-04-19 05:53:33.801 [Timer-0] WARN  com.pharmacie.utils.SyncService - Pas d'accčs Internet. Fonctionnement 100% hors-ligne maintenu.
2026-04-19 05:53:33.802 [Timer-0] WARN  com.pharmacie.utils.SyncService - Pas d'accčs Internet. Fonctionnement 100% hors-ligne maintenu.
2026-04-19 05:53:33.803 [Timer-0] WARN  com.pharmacie.utils.SyncService - Pas d'accčs Internet. Fonctionnement 100% hors-ligne maintenu.
2026-04-19 05:53:33.805 [Timer-0] WARN  com.pharmacie.utils.SyncService - Pas d'accčs Internet. Fonctionnement 100% hors-ligne maintenu.
2026-04-19 05:53:33.806 [Timer-0] WARN  com.pharmacie.utils.SyncService - Pas d'accčs Internet. Fonctionnement 100% hors-ligne maintenu.
2026-04-19 05:53:33.807 [Timer-0] WARN  com.pharmacie.utils.SyncService - Pas d'accčs Internet. Fonctionnement 100% hors-ligne maintenu.
2026-04-19 05:53:33.810 [Timer-0] WARN  com.pharmacie.utils.SyncService - Pas d'accčs Internet. Fonctionnement 100% hors-ligne maintenu.
2026-04-19 05:53:33.811 [Timer-0] WARN  com.pharmacie.utils.SyncService - Pas d'accčs Internet. Fonctionnement 100% hors-ligne maintenu.
2026-04-19 05:53:33.812 [Timer-0] WARN  com.pharmacie.utils.SyncService - Pas d'accčs Internet. Fonctionnement 100% hors-ligne maintenu.
2026-04-19 05:53:33.814 [Timer-0] WARN  com.pharmacie.utils.SyncService - Pas d'accčs Internet. Fonctionnement 100% hors-ligne maintenu.
2026-04-19 05:53:33.815 [Timer-0] WARN  com.pharmacie.utils.SyncService - Pas d'accčs Internet. Fonctionnement 100% hors-ligne maintenu.
2026-04-19 05:53:33.816 [Timer-0] WARN  com.pharmacie.utils.SyncService - Pas d'accčs Internet. Fonctionnement 100% hors-ligne maintenu.
2026-04-19 05:53:33.817 [Timer-0] WARN  com.pharmacie.utils.SyncService - Pas d'accčs Internet. Fonctionnement 100% hors-ligne maintenu.
2026-04-19 05:53:33.818 [Timer-0] WARN  com.pharmacie.utils.SyncService - Pas d'accčs Internet. Fonctionnement 100% hors-ligne maintenu.
2026-04-19 05:53:33.819 [Timer-0] WARN  com.pharmacie.utils.SyncService - Pas d'accčs Internet. Fonctionnement 100% hors-ligne maintenu.
2026-04-19 05:53:33.820 [Timer-0] WARN  com.pharmacie.utils.SyncService - Pas d'accčs Internet. Fonctionnement 100% hors-ligne maintenu.
2026-04-19 05:53:33.821 [Timer-0] WARN  com.pharmacie.utils.SyncService - Pas d'accčs Internet. Fonctionnement 100% hors-ligne maintenu.
2026-04-19 05:53:33.822 [Timer-0] WARN  com.pharmacie.utils.SyncService - Pas d'accčs Internet. Fonctionnement 100% hors-ligne maintenu.
2026-04-19 05:53:33.823 [Timer-0] WARN  com.pharmacie.utils.SyncService - Pas d'accčs Internet. Fonctionnement 100% hors-ligne maintenu.
2026-04-19 05:53:33.824 [Timer-0] WARN  com.pharmacie.utils.SyncService - Pas d'accčs Internet. Fonctionnement 100% hors-ligne maintenu.
2026-04-19 05:53:33.826 [Timer-0] WARN  com.pharmacie.utils.SyncService - Pas d'accčs Internet. Fonctionnement 100% hors-ligne maintenu.
2026-04-19 05:53:33.827 [Timer-0] WARN  com.pharmacie.utils.SyncService - Pas d'accčs Internet. Fonctionnement 100% hors-ligne maintenu.
2026-04-19 05:53:33.827 [Timer-0] WARN  com.pharmacie.utils.SyncService - Pas d'accčs Internet. Fonctionnement 100% hors-ligne maintenu.
2026-04-19 05:53:33.828 [Timer-0] WARN  com.pharmacie.utils.SyncService - Pas d'accčs Internet. Fonctionnement 100% hors-ligne maintenu.
2026-04-19 05:53:33.828 [Timer-0] WARN  com.pharmacie.utils.SyncService - Pas d'accčs Internet. Fonctionnement 100% hors-ligne maintenu.
2026-04-19 05:53:33.829 [Timer-0] WARN  com.pharmacie.utils.SyncService - Pas d'accčs Internet. Fonctionnement 100% hors-ligne maintenu.
2026-04-19 05:53:33.830 [Timer-0] WARN  com.pharmacie.utils.SyncService - Pas d'accčs Internet. Fonctionnement 100% hors-ligne maintenu.
2026-04-19 05:53:33.830 [Timer-0] WARN  com.pharmacie.utils.SyncService - Pas d'accčs Internet. Fonctionnement 100% hors-ligne maintenu.
2026-04-19 05:53:33.831 [Timer-0] WARN  com.pharmacie.utils.SyncService - Pas d'accčs Internet. Fonctionnement 100% hors-ligne maintenu.
2026-04-19 05:53:33.832 [Timer-0] WARN  com.pharmacie.utils.SyncService - Pas d'accčs Internet. Fonctionnement 100% hors-ligne maintenu.
2026-04-19 05:56:34.361 [JavaFX Application Thread] INFO  c.p.controllers.VenteController - Vente (ID: 72) validée et enregistrée via VenteService !
2026-04-19 05:57:11.480 [Timer-0] WARN  com.pharmacie.utils.SyncService - Pas d'accčs Internet. Fonctionnement 100% hors-ligne maintenu.
2026-04-19 05:59:37.637 [JavaFX Application Thread] INFO  c.p.controllers.VenteController - Vente (ID: 73) validée et enregistrée via VenteService !
2026-04-19 06:01:36.070 [JavaFX Application Thread] INFO  c.p.controllers.VenteController - Vente (ID: 74) validée et enregistrée via VenteService !
2026-04-19 06:02:11.500 [Timer-0] WARN  com.pharmacie.utils.SyncService - Pas d'accčs Internet. Fonctionnement 100% hors-ligne maintenu.
2026-04-19 06:04:52.177 [JavaFX Application Thread] INFO  c.p.controllers.VenteController - Vente (ID: 75) validée et enregistrée via VenteService !
2026-04-19 06:05:47.562 [JavaFX Application Thread] INFO  c.p.controllers.VenteController - Vente (ID: 76) validée et enregistrée via VenteService !
2026-04-19 06:07:12.161 [Timer-0] INFO  com.pharmacie.utils.SyncService - Internet détecté. Début de la synchronisation...
2026-04-19 06:07:12.162 [Timer-0] INFO  com.pharmacie.utils.SyncService - Envoi sécurisé des données vers le Cloud : https://api.pharmacie-veterinaire-cloud.com/sync
2026-04-19 06:07:12.162 [Timer-0] INFO  com.pharmacie.utils.SyncService - Synchronisation vers le Cloud réussie avec succčs !
2026-04-19 06:12:14.488 [Timer-0] WARN  com.pharmacie.utils.SyncService - Pas d'accčs Internet. Fonctionnement 100% hors-ligne maintenu.
2026-04-19 06:14:56.307 [JavaFX Application Thread] INFO  c.p.controllers.VenteController - Vente (ID: 77) validée et enregistrée via VenteService !
2026-04-19 06:17:11.503 [Timer-0] WARN  com.pharmacie.utils.SyncService - Pas d'accčs Internet. Fonctionnement 100% hors-ligne maintenu.
2026-04-19 06:20:19.622 [JavaFX Application Thread] INFO  c.p.controllers.VenteController - Vente (ID: 78) validée et enregistrée via VenteService !
2026-04-19 06:22:11.486 [Timer-0] WARN  com.pharmacie.utils.SyncService - Pas d'accčs Internet. Fonctionnement 100% hors-ligne maintenu.
2026-04-19 06:24:12.430 [JavaFX Application Thread] INFO  c.p.controllers.VenteController - Vente (ID: 79) validée et enregistrée via VenteService !
2026-04-19 06:25:36.001 [JavaFX Application Thread] INFO  c.p.controllers.AchatController - Achat validé avec succčs (ACID).
2026-04-19 06:26:41.597 [JavaFX Application Thread] INFO  c.p.controllers.VenteController - Vente (ID: 80) validée et enregistrée via VenteService !
2026-04-19 06:26:59.451 [Timer-0] WARN  com.pharmacie.utils.SyncService - Pas d'accčs Internet. Fonctionnement 100% hors-ligne maintenu.
2026-04-19 06:27:24.003 [JavaFX Application Thread] INFO  c.p.controllers.VenteController - Vente (ID: 81) validée et enregistrée via VenteService !
2026-04-19 06:29:28.427 [JavaFX Application Thread] INFO  c.p.controllers.VenteController - Vente (ID: 82) validée et enregistrée via VenteService !
2026-04-19 06:30:21.552 [JavaFX Application Thread] INFO  c.p.controllers.VenteController - Vente (ID: 83) validée et enregistrée via VenteService !
2026-04-19 06:32:20.522 [Timer-0] INFO  com.pharmacie.utils.SyncService - Internet détecté. Début de la synchronisation...
2026-04-19 06:32:20.522 [Timer-0] INFO  com.pharmacie.utils.SyncService - Envoi sécurisé des données vers le Cloud : https://api.pharmacie-veterinaire-cloud.com/sync
2026-04-19 06:32:20.522 [Timer-0] INFO  com.pharmacie.utils.SyncService - Synchronisation vers le Cloud réussie avec succčs !
2026-04-19 06:32:36.430 [JavaFX Application Thread] INFO  c.p.controllers.VenteController - Vente (ID: 84) validée et enregistrée via VenteService !
2026-04-19 06:33:25.861 [JavaFX Application Thread] INFO  c.p.controllers.VenteController - Vente (ID: 85) validée et enregistrée via VenteService !
2026-04-19 06:37:17.617 [Timer-0] INFO  com.pharmacie.utils.SyncService - Internet détecté. Début de la synchronisation...
2026-04-19 06:37:17.618 [Timer-0] INFO  com.pharmacie.utils.SyncService - Envoi sécurisé des données vers le Cloud : https://api.pharmacie-veterinaire-cloud.com/sync
2026-04-19 06:37:17.618 [Timer-0] INFO  com.pharmacie.utils.SyncService - Synchronisation vers le Cloud réussie avec succčs !
2026-04-19 06:37:42.401 [JavaFX Application Thread] INFO  c.p.controllers.VenteController - Vente (ID: 86) validée et enregistrée via VenteService !
2026-04-19 06:39:39.181 [JavaFX Application Thread] INFO  c.p.controllers.VenteController - Vente (ID: 87) validée et enregistrée via VenteService !
2026-04-19 06:42:14.515 [Timer-0] WARN  com.pharmacie.utils.SyncService - Pas d'accčs Internet. Fonctionnement 100% hors-ligne maintenu.
2026-04-19 06:47:15.734 [Timer-0] INFO  com.pharmacie.utils.SyncService - Internet détecté. Début de la synchronisation...
2026-04-19 06:47:15.736 [Timer-0] INFO  com.pharmacie.utils.SyncService - Envoi sécurisé des données vers le Cloud : https://api.pharmacie-veterinaire-cloud.com/sync
2026-04-19 06:47:15.736 [Timer-0] INFO  com.pharmacie.utils.SyncService - Synchronisation vers le Cloud réussie avec succčs !
2026-04-19 06:52:11.499 [Timer-0] WARN  com.pharmacie.utils.SyncService - Pas d'accčs Internet. Fonctionnement 100% hors-ligne maintenu.
2026-04-19 06:52:34.236 [JavaFX Application Thread] INFO  c.p.controllers.VenteController - Clôture Z : Espčces attendues=5816450 FCFA | Mobile attendu=87100 FCFA | Écart caisse=183550 FCFA
2026-04-19 06:52:41.684 [JavaFX Application Thread] INFO  c.p.controllers.VenteController - Caisse ouverte avec un fond de 50.0
2026-04-19 06:53:17.116 [JavaFX Application Thread] INFO  c.p.controllers.VenteController - Vente (ID: 88) validée et enregistrée via VenteService !
2026-04-19 06:53:28.686 [JavaFX Application Thread] INFO  c.p.controllers.VenteController - Vente (ID: 89) validée et enregistrée via VenteService !
2026-04-19 06:54:01.580 [JavaFX Application Thread] INFO  c.p.controllers.VenteController - Vente (ID: 90) validée et enregistrée via VenteService !
2026-04-19 06:57:11.482 [Timer-0] WARN  com.pharmacie.utils.SyncService - Pas d'accčs Internet. Fonctionnement 100% hors-ligne maintenu.
2026-04-19 07:01:59.451 [Timer-0] WARN  com.pharmacie.utils.SyncService - Pas d'accčs Internet. Fonctionnement 100% hors-ligne maintenu.
2026-04-19 07:07:11.502 [Timer-0] WARN  com.pharmacie.utils.SyncService - Pas d'accčs Internet. Fonctionnement 100% hors-ligne maintenu.
2026-04-19 07:08:47.502 [JavaFX Application Thread] INFO  c.p.controllers.AchatController - Achat validé avec succčs (ACID).
2026-04-19 07:10:13.941 [JavaFX Application Thread] INFO  c.p.controllers.AchatController - Achat validé avec succčs (ACID).
2026-04-19 07:12:11.485 [Timer-0] WARN  com.pharmacie.utils.SyncService - Pas d'accčs Internet. Fonctionnement 100% hors-ligne maintenu.
2026-04-19 07:16:59.450 [Timer-0] WARN  com.pharmacie.utils.SyncService - Pas d'accčs Internet. Fonctionnement 100% hors-ligne maintenu.
2026-04-19 07:18:16.857 [JavaFX Application Thread] INFO  c.p.controllers.AchatController - Achat validé avec succčs (ACID).
2026-04-19 07:22:11.485 [Timer-0] WARN  com.pharmacie.utils.SyncService - Pas d'accčs Internet. Fonctionnement 100% hors-ligne maintenu.
2026-04-19 07:26:59.450 [Timer-0] WARN  com.pharmacie.utils.SyncService - Pas d'accčs Internet. Fonctionnement 100% hors-ligne maintenu.
2026-04-19 07:32:11.471 [Timer-0] WARN  com.pharmacie.utils.SyncService - Pas d'accčs Internet. Fonctionnement 100% hors-ligne maintenu.
2026-04-19 07:37:11.481 [Timer-0] WARN  com.pharmacie.utils.SyncService - Pas d'accčs Internet. Fonctionnement 100% hors-ligne maintenu.
2026-04-19 07:41:10.299 [JavaFX Application Thread] INFO  c.p.controllers.AchatController - Achat validé avec succčs (ACID).
2026-04-19 07:42:11.482 [Timer-0] WARN  com.pharmacie.utils.SyncService - Pas d'accčs Internet. Fonctionnement 100% hors-ligne maintenu.
2026-04-19 07:46:27.869 [JavaFX Application Thread] INFO  c.p.controllers.VenteController - Vente (ID: 91) validée et enregistrée via VenteService !
2026-04-19 07:46:59.447 [Timer-0] WARN  com.pharmacie.utils.SyncService - Pas d'accčs Internet. Fonctionnement 100% hors-ligne maintenu.
2026-04-19 07:51:59.449 [Timer-0] WARN  com.pharmacie.utils.SyncService - Pas d'accčs Internet. Fonctionnement 100% hors-ligne maintenu.
2026-04-19 07:52:29.815 [JavaFX Application Thread] INFO  c.p.controllers.VenteController - Vente (ID: 92) validée et enregistrée via VenteService !
2026-04-19 07:56:59.447 [Timer-0] WARN  com.pharmacie.utils.SyncService - Pas d'accčs Internet. Fonctionnement 100% hors-ligne maintenu.
2026-04-19 07:59:39.541 [JavaFX Application Thread] INFO  c.p.controllers.VenteController - Vente (ID: 93) validée et enregistrée via VenteService !
2026-04-19 08:02:11.478 [Timer-0] WARN  com.pharmacie.utils.SyncService - Pas d'accčs Internet. Fonctionnement 100% hors-ligne maintenu.
2026-04-19 08:03:30.940 [JavaFX Application Thread] INFO  c.p.controllers.VenteController - Vente (ID: 94) validée et enregistrée via VenteService !
2026-04-19 08:06:59.448 [Timer-0] WARN  com.pharmacie.utils.SyncService - Pas d'accčs Internet. Fonctionnement 100% hors-ligne maintenu.
2026-04-19 08:09:14.487 [JavaFX Application Thread] INFO  c.p.controllers.VenteController - Vente (ID: 95) validée et enregistrée via VenteService !
2026-04-19 08:11:07.372 [JavaFX Application Thread] INFO  c.p.controllers.VenteController - Vente (ID: 96) validée et enregistrée via VenteService !
2026-04-19 08:11:59.448 [Timer-0] WARN  com.pharmacie.utils.SyncService - Pas d'accčs Internet. Fonctionnement 100% hors-ligne maintenu.
2026-04-19 08:14:45.193 [JavaFX Application Thread] INFO  c.p.controllers.VenteController - Vente (ID: 97) validée et enregistrée via VenteService !
2026-04-19 08:16:59.446 [Timer-0] WARN  com.pharmacie.utils.SyncService - Pas d'accčs Internet. Fonctionnement 100% hors-ligne maintenu.
2026-04-19 08:21:59.449 [Timer-0] WARN  com.pharmacie.utils.SyncService - Pas d'accčs Internet. Fonctionnement 100% hors-ligne maintenu.
2026-04-19 08:26:59.447 [Timer-0] WARN  com.pharmacie.utils.SyncService - Pas d'accčs Internet. Fonctionnement 100% hors-ligne maintenu.
2026-04-19 08:32:11.501 [Timer-0] WARN  com.pharmacie.utils.SyncService - Pas d'accčs Internet. Fonctionnement 100% hors-ligne maintenu.
2026-04-19 08:37:11.475 [Timer-0] WARN  com.pharmacie.utils.SyncService - Pas d'accčs Internet. Fonctionnement 100% hors-ligne maintenu.
2026-04-19 08:41:59.447 [Timer-0] WARN  com.pharmacie.utils.SyncService - Pas d'accčs Internet. Fonctionnement 100% hors-ligne maintenu.
2026-04-19 08:47:11.503 [Timer-0] WARN  com.pharmacie.utils.SyncService - Pas d'accčs Internet. Fonctionnement 100% hors-ligne maintenu.
2026-04-19 08:51:59.448 [Timer-0] WARN  com.pharmacie.utils.SyncService - Pas d'accčs Internet. Fonctionnement 100% hors-ligne maintenu.
2026-04-19 08:56:59.448 [Timer-0] WARN  com.pharmacie.utils.SyncService - Pas d'accčs Internet. Fonctionnement 100% hors-ligne maintenu.
2026-04-19 09:01:59.447 [Timer-0] WARN  com.pharmacie.utils.SyncService - Pas d'accčs Internet. Fonctionnement 100% hors-ligne maintenu.
2026-04-19 09:06:59.451 [Timer-0] WARN  com.pharmacie.utils.SyncService - Pas d'accčs Internet. Fonctionnement 100% hors-ligne maintenu.
2026-04-19 09:11:34.562 [JavaFX Application Thread] INFO  c.p.controllers.AchatController - Achat validé avec succčs (ACID).
2026-04-19 09:12:12.867 [Timer-0] INFO  com.pharmacie.utils.SyncService - Internet détecté. Début de la synchronisation...
2026-04-19 09:12:12.867 [Timer-0] INFO  com.pharmacie.utils.SyncService - Envoi sécurisé des données vers le Cloud : https://api.pharmacie-veterinaire-cloud.com/sync
2026-04-19 09:12:12.867 [Timer-0] INFO  com.pharmacie.utils.SyncService - Synchronisation vers le Cloud réussie avec succčs !
2026-04-19 09:17:10.789 [Timer-0] WARN  com.pharmacie.utils.SyncService - Pas d'accčs Internet. Fonctionnement 100% hors-ligne maintenu.
2026-04-19 09:21:59.459 [Timer-0] WARN  com.pharmacie.utils.SyncService - Pas d'accčs Internet. Fonctionnement 100% hors-ligne maintenu.
2026-04-19 09:27:11.009 [Timer-0] WARN  com.pharmacie.utils.SyncService - Pas d'accčs Internet. Fonctionnement 100% hors-ligne maintenu.
2026-04-19 09:41:45.953 [Timer-0] INFO  com.pharmacie.utils.SyncService - Internet détecté. Début de la synchronisation...
2026-04-19 09:41:45.953 [Timer-0] INFO  com.pharmacie.utils.SyncService - Envoi sécurisé des données vers le Cloud : https://api.pharmacie-veterinaire-cloud.com/sync
2026-04-19 09:41:45.954 [Timer-0] INFO  com.pharmacie.utils.SyncService - Synchronisation vers le Cloud réussie avec succčs !
2026-04-19 09:41:46.618 [Timer-0] INFO  com.pharmacie.utils.SyncService - Internet détecté. Début de la synchronisation...
2026-04-19 09:41:46.618 [Timer-0] INFO  com.pharmacie.utils.SyncService - Envoi sécurisé des données vers le Cloud : https://api.pharmacie-veterinaire-cloud.com/sync
2026-04-19 09:41:46.618 [Timer-0] INFO  com.pharmacie.utils.SyncService - Synchronisation vers le Cloud réussie avec succčs !
2026-04-19 09:42:01.673 [Timer-0] INFO  com.pharmacie.utils.SyncService - Internet détecté. Début de la synchronisation...
2026-04-19 09:42:01.675 [Timer-0] INFO  com.pharmacie.utils.SyncService - Envoi sécurisé des données vers le Cloud : https://api.pharmacie-veterinaire-cloud.com/sync
2026-04-19 09:42:01.675 [Timer-0] INFO  com.pharmacie.utils.SyncService - Synchronisation vers le Cloud réussie avec succčs !
2026-04-19 09:47:11.513 [Timer-0] INFO  com.pharmacie.utils.SyncService - Internet détecté. Début de la synchronisation...
2026-04-19 09:47:11.514 [Timer-0] INFO  com.pharmacie.utils.SyncService - Envoi sécurisé des données vers le Cloud : https://api.pharmacie-veterinaire-cloud.com/sync
2026-04-19 09:47:11.514 [Timer-0] INFO  com.pharmacie.utils.SyncService - Synchronisation vers le Cloud réussie avec succčs !
2026-04-19 09:52:11.307 [Timer-0] INFO  com.pharmacie.utils.SyncService - Internet détecté. Début de la synchronisation...
2026-04-19 09:52:11.307 [Timer-0] INFO  com.pharmacie.utils.SyncService - Envoi sécurisé des données vers le Cloud : https://api.pharmacie-veterinaire-cloud.com/sync
2026-04-19 09:52:11.308 [Timer-0] INFO  com.pharmacie.utils.SyncService - Synchronisation vers le Cloud réussie avec succčs !
2026-04-19 10:06:28.750 [Timer-0] WARN  com.pharmacie.utils.SyncService - Pas d'accčs Internet. Fonctionnement 100% hors-ligne maintenu.
2026-04-19 10:06:28.751 [Timer-0] WARN  com.pharmacie.utils.SyncService - Pas d'accčs Internet. Fonctionnement 100% hors-ligne maintenu.
2026-04-19 10:07:12.418 [Timer-0] INFO  com.pharmacie.utils.SyncService - Internet détecté. Début de la synchronisation...
2026-04-19 10:07:12.418 [Timer-0] INFO  com.pharmacie.utils.SyncService - Envoi sécurisé des données vers le Cloud : https://api.pharmacie-veterinaire-cloud.com/sync
2026-04-19 10:07:12.418 [Timer-0] INFO  com.pharmacie.utils.SyncService - Synchronisation vers le Cloud réussie avec succčs !
2026-04-19 10:12:01.825 [Timer-0] INFO  com.pharmacie.utils.SyncService - Internet détecté. Début de la synchronisation...
2026-04-19 10:12:01.825 [Timer-0] INFO  com.pharmacie.utils.SyncService - Envoi sécurisé des données vers le Cloud : https://api.pharmacie-veterinaire-cloud.com/sync
2026-04-19 10:12:01.825 [Timer-0] INFO  com.pharmacie.utils.SyncService - Synchronisation vers le Cloud réussie avec succčs !
2026-04-19 10:12:38.881 [JavaFX Application Thread] INFO  c.p.controllers.VenteController - Clôture Z : Espčces attendues=240250 FCFA | Mobile attendu=105000 FCFA | Écart caisse=2759750 FCFA
2026-04-19 10:12:47.466 [JavaFX Application Thread] INFO  com.pharmacie.MainApp - Fermeture de l'application Vet-Pharmacy...
2026-04-19 10:12:47.466 [JavaFX Application Thread] INFO  com.pharmacie.utils.SyncService - Service de synchronisation arręté.
2026-04-19 10:13:25.526 [JavaFX Application Thread] INFO  com.pharmacie.MainApp - Démarrage de l'application Vet-Pharmacy...
2026-04-19 10:13:27.976 [JavaFX Application Thread] WARN  o.hibernate.orm.connections.pooling - HHH10001002: Using built-in connection pool (not intended for production use)
2026-04-19 10:13:28.855 [JavaFX Application Thread] WARN  org.hibernate.orm.deprecation - HHH90000025: MySQLDialect does not need to be specified explicitly using 'hibernate.dialect' (remove the property setting and it will be selected by default)
2026-04-19 10:13:38.587 [Timer-0] WARN  com.pharmacie.utils.SyncService - Pas d'accčs Internet. Fonctionnement 100% hors-ligne maintenu.
2026-04-19 10:13:53.606 [JavaFX Application Thread] INFO  c.p.controllers.LoginController - Connexion Setup Admin avec ID: 1
2026-04-19 10:14:05.814 [JavaFX Application Thread] INFO  c.p.controllers.VenteController - Caisse ouverte avec un fond de 2000.0
2026-04-19 10:16:40.148 [JavaFX Application Thread] INFO  c.p.controllers.VenteController - Clôture Z : Espčces attendues=2000 FCFA | Mobile attendu=0 FCFA | Écart caisse=-889 FCFA
2026-04-19 10:16:42.266 [JavaFX Application Thread] INFO  com.pharmacie.MainApp - Fermeture de l'application Vet-Pharmacy...
2026-04-19 10:16:42.267 [JavaFX Application Thread] INFO  com.pharmacie.utils.SyncService - Service de synchronisation arręté.
2026-04-19 10:44:30.719 [JavaFX Application Thread] INFO  com.pharmacie.MainApp - Démarrage de l'application Vet-Pharmacy...
2026-04-19 10:44:32.896 [JavaFX Application Thread] WARN  o.hibernate.orm.connections.pooling - HHH10001002: Using built-in connection pool (not intended for production use)
2026-04-19 10:44:33.686 [JavaFX Application Thread] WARN  org.hibernate.orm.deprecation - HHH90000025: MySQLDialect does not need to be specified explicitly using 'hibernate.dialect' (remove the property setting and it will be selected by default)
2026-04-19 10:44:52.729 [Timer-0] INFO  com.pharmacie.utils.SyncService - Internet détecté. Début de la synchronisation...
2026-04-19 10:44:52.731 [Timer-0] INFO  com.pharmacie.utils.SyncService - Envoi sécurisé des données vers le Cloud : https://api.pharmacie-veterinaire-cloud.com/sync
2026-04-19 10:44:52.732 [Timer-0] INFO  com.pharmacie.utils.SyncService - Synchronisation vers le Cloud réussie avec succčs !
2026-04-19 10:45:41.962 [JavaFX Application Thread] INFO  c.p.controllers.LoginController - Connexion Setup Admin avec ID: 1
2026-04-19 10:49:51.961 [Timer-0] WARN  com.pharmacie.utils.SyncService - Pas d'accčs Internet. Fonctionnement 100% hors-ligne maintenu.
2026-04-19 10:54:51.962 [Timer-0] WARN  com.pharmacie.utils.SyncService - Pas d'accčs Internet. Fonctionnement 100% hors-ligne maintenu.
2026-04-19 10:59:51.991 [Timer-0] WARN  com.pharmacie.utils.SyncService - Pas d'accčs Internet. Fonctionnement 100% hors-ligne maintenu.
2026-04-19 11:04:53.409 [Timer-0] INFO  com.pharmacie.utils.SyncService - Internet détecté. Début de la synchronisation...
2026-04-19 11:04:53.409 [Timer-0] INFO  com.pharmacie.utils.SyncService - Envoi sécurisé des données vers le Cloud : https://api.pharmacie-veterinaire-cloud.com/sync
2026-04-19 11:04:53.409 [Timer-0] INFO  com.pharmacie.utils.SyncService - Synchronisation vers le Cloud réussie avec succčs !
2026-04-19 11:09:41.374 [Timer-0] INFO  com.pharmacie.utils.SyncService - Internet détecté. Début de la synchronisation...
2026-04-19 11:09:41.374 [Timer-0] INFO  com.pharmacie.utils.SyncService - Envoi sécurisé des données vers le Cloud : https://api.pharmacie-veterinaire-cloud.com/sync
2026-04-19 11:09:41.375 [Timer-0] INFO  com.pharmacie.utils.SyncService - Synchronisation vers le Cloud réussie avec succčs !
2026-04-19 11:12:09.951 [JavaFX Application Thread] ERROR c.p.controllers.MainController - Erreur chargement d'une Vue (MainController)
javafx.fxml.LoadException: 
/C:/projetjavasout/target/classes/fxml/ventes.fxml

	at javafx.fxml/javafx.fxml.FXMLLoader.constructLoadException(FXMLLoader.java:2714)
	at javafx.fxml/javafx.fxml.FXMLLoader.loadImpl(FXMLLoader.java:2684)
	at javafx.fxml/javafx.fxml.FXMLLoader.loadImpl(FXMLLoader.java:2555)
	at javafx.fxml/javafx.fxml.FXMLLoader.load(FXMLLoader.java:2523)
	at com.pharmacie.controllers.MainController.loadView(MainController.java:72)
	at com.pharmacie.controllers.MainController.showSales(MainController.java:86)
	at java.base/jdk.internal.reflect.NativeMethodAccessorImpl.invoke0(Native Method)
	at java.base/jdk.internal.reflect.NativeMethodAccessorImpl.invoke(NativeMethodAccessorImpl.java:77)
	at java.base/jdk.internal.reflect.DelegatingMethodAccessorImpl.invoke(DelegatingMethodAccessorImpl.java:43)
	at java.base/java.lang.reflect.Method.invoke(Method.java:568)
	at com.sun.javafx.reflect.Trampoline.invoke(MethodUtil.java:77)
	at jdk.internal.reflect.GeneratedMethodAccessor2.invoke(Unknown Source)
	at java.base/jdk.internal.reflect.DelegatingMethodAccessorImpl.invoke(DelegatingMethodAccessorImpl.java:43)
	at java.base/java.lang.reflect.Method.invoke(Method.java:568)
	at javafx.base/com.sun.javafx.reflect.MethodUtil.invoke(MethodUtil.java:275)
	at javafx.fxml/com.sun.javafx.fxml.MethodHelper.invoke(MethodHelper.java:84)
	at javafx.fxml/javafx.fxml.FXMLLoader$MethodHandler.invoke(FXMLLoader.java:1854)
	at javafx.fxml/javafx.fxml.FXMLLoader$ControllerMethodEventHandler.handle(FXMLLoader.java:1724)
	at javafx.base/com.sun.javafx.event.CompositeEventHandler.dispatchBubblingEvent(CompositeEventHandler.java:86)
	at javafx.base/com.sun.javafx.event.EventHandlerManager.dispatchBubblingEvent(EventHandlerManager.java:234)
	at javafx.base/com.sun.javafx.event.EventHandlerManager.dispatchBubblingEvent(EventHandlerManager.java:191)
	at javafx.base/com.sun.javafx.event.CompositeEventDispatcher.dispatchBubblingEvent(CompositeEventDispatcher.java:59)
	at javafx.base/com.sun.javafx.event.BasicEventDispatcher.dispatchEvent(BasicEventDispatcher.java:58)
	at javafx.base/com.sun.javafx.event.EventDispatchChainImpl.dispatchEvent(EventDispatchChainImpl.java:114)
	at javafx.base/com.sun.javafx.event.BasicEventDispatcher.dispatchEvent(BasicEventDispatcher.java:56)
	at javafx.base/com.sun.javafx.event.EventDispatchChainImpl.dispatchEvent(EventDispatchChainImpl.java:114)
	at javafx.base/com.sun.javafx.event.BasicEventDispatcher.dispatchEvent(BasicEventDispatcher.java:56)
	at javafx.base/com.sun.javafx.event.EventDispatchChainImpl.dispatchEvent(EventDispatchChainImpl.java:114)
	at javafx.base/com.sun.javafx.event.EventUtil.fireEventImpl(EventUtil.java:74)
	at javafx.base/com.sun.javafx.event.EventUtil.fireEvent(EventUtil.java:49)
	at javafx.base/javafx.event.Event.fireEvent(Event.java:198)
	at javafx.graphics/javafx.scene.Node.fireEvent(Node.java:8792)
	at javafx.controls/javafx.scene.control.Button.fire(Button.java:203)
	at javafx.controls/com.sun.javafx.scene.control.behavior.ButtonBehavior.mouseReleased(ButtonBehavior.java:208)
	at javafx.controls/com.sun.javafx.scene.control.inputmap.InputMap.handle(InputMap.java:274)
	at javafx.base/com.sun.javafx.event.CompositeEventHandler$NormalEventHandlerRecord.handleBubblingEvent(CompositeEventHandler.java:247)
	at javafx.base/com.sun.javafx.event.CompositeEventHandler.dispatchBubblingEvent(CompositeEventHandler.java:80)
	at javafx.base/com.sun.javafx.event.EventHandlerManager.dispatchBubblingEvent(EventHandlerManager.java:234)
	at javafx.base/com.sun.javafx.event.EventHandlerManager.dispatchBubblingEvent(EventHandlerManager.java:191)
	at javafx.base/com.sun.javafx.event.CompositeEventDispatcher.dispatchBubblingEvent(CompositeEventDispatcher.java:59)
	at javafx.base/com.sun.javafx.event.BasicEventDispatcher.dispatchEvent(BasicEventDispatcher.java:58)
	at javafx.base/com.sun.javafx.event.EventDispatchChainImpl.dispatchEvent(EventDispatchChainImpl.java:114)
	at javafx.base/com.sun.javafx.event.BasicEventDispatcher.dispatchEvent(BasicEventDispatcher.java:56)
	at javafx.base/com.sun.javafx.event.EventDispatchChainImpl.dispatchEvent(EventDispatchChainImpl.java:114)
	at javafx.base/com.sun.javafx.event.BasicEventDispatcher.dispatchEvent(BasicEventDispatcher.java:56)
	at javafx.base/com.sun.javafx.event.EventDispatchChainImpl.dispatchEvent(EventDispatchChainImpl.java:114)
	at javafx.base/com.sun.javafx.event.EventUtil.fireEventImpl(EventUtil.java:74)
	at javafx.base/com.sun.javafx.event.EventUtil.fireEvent(EventUtil.java:54)
	at javafx.base/javafx.event.Event.fireEvent(Event.java:198)
	at javafx.graphics/javafx.scene.Scene$MouseHandler.process(Scene.java:3897)
	at javafx.graphics/javafx.scene.Scene.processMouseEvent(Scene.java:1878)
	at javafx.graphics/javafx.scene.Scene$ScenePeerListener.mouseEvent(Scene.java:2623)
	at javafx.graphics/com.sun.javafx.tk.quantum.GlassViewEventHandler$MouseEventNotification.run(GlassViewEventHandler.java:411)
	at javafx.graphics/com.sun.javafx.tk.quantum.GlassViewEventHandler$MouseEventNotification.run(GlassViewEventHandler.java:301)
	at java.base/java.security.AccessController.doPrivileged(AccessController.java:399)
	at javafx.graphics/com.sun.javafx.tk.quantum.GlassViewEventHandler.lambda$handleMouseEvent$2(GlassViewEventHandler.java:450)
	at javafx.graphics/com.sun.javafx.tk.quantum.QuantumToolkit.runWithoutRenderLock(QuantumToolkit.java:424)
	at javafx.graphics/com.sun.javafx.tk.quantum.GlassViewEventHandler.handleMouseEvent(GlassViewEventHandler.java:449)
	at javafx.graphics/com.sun.glass.ui.View.handleMouseEvent(View.java:557)
	at javafx.graphics/com.sun.glass.ui.View.notifyMouse(View.java:943)
	at javafx.graphics/com.sun.glass.ui.win.WinApplication._runLoop(Native Method)
	at javafx.graphics/com.sun.glass.ui.win.WinApplication.lambda$runLoop$3(WinApplication.java:184)
	at java.base/java.lang.Thread.run(Thread.java:842)
Caused by: java.lang.reflect.InvocationTargetException: null
	at java.base/jdk.internal.reflect.NativeMethodAccessorImpl.invoke0(Native Method)
	at java.base/jdk.internal.reflect.NativeMethodAccessorImpl.invoke(NativeMethodAccessorImpl.java:77)
	at java.base/jdk.internal.reflect.DelegatingMethodAccessorImpl.invoke(DelegatingMethodAccessorImpl.java:43)
	at java.base/java.lang.reflect.Method.invoke(Method.java:568)
	at com.sun.javafx.reflect.Trampoline.invoke(MethodUtil.java:77)
	at jdk.internal.reflect.GeneratedMethodAccessor2.invoke(Unknown Source)
	at java.base/jdk.internal.reflect.DelegatingMethodAccessorImpl.invoke(DelegatingMethodAccessorImpl.java:43)
	at java.base/java.lang.reflect.Method.invoke(Method.java:568)
	at javafx.base/com.sun.javafx.reflect.MethodUtil.invoke(MethodUtil.java:275)
	at javafx.fxml/com.sun.javafx.fxml.MethodHelper.invoke(MethodHelper.java:84)
	at javafx.fxml/javafx.fxml.FXMLLoader.loadImpl(FXMLLoader.java:2680)
	... 61 common frames omitted
Caused by: java.lang.NullPointerException: Cannot invoke "javafx.scene.control.ComboBox.setItems(javafx.collections.ObservableList)" because "this.cmbFiltreVenteProduit" is null
	at com.pharmacie.controllers.VenteController.initialize(VenteController.java:377)
	... 72 common frames omitted
2026-04-19 11:12:12.250 [JavaFX Application Thread] ERROR c.p.controllers.MainController - Erreur chargement d'une Vue (MainController)
javafx.fxml.LoadException: 
/C:/projetjavasout/target/classes/fxml/ventes.fxml

	at javafx.fxml/javafx.fxml.FXMLLoader.constructLoadException(FXMLLoader.java:2714)
	at javafx.fxml/javafx.fxml.FXMLLoader.loadImpl(FXMLLoader.java:2684)
	at javafx.fxml/javafx.fxml.FXMLLoader.loadImpl(FXMLLoader.java:2555)
	at javafx.fxml/javafx.fxml.FXMLLoader.load(FXMLLoader.java:2523)
	at com.pharmacie.controllers.MainController.loadView(MainController.java:72)
	at com.pharmacie.controllers.MainController.showSales(MainController.java:86)
	at java.base/jdk.internal.reflect.NativeMethodAccessorImpl.invoke0(Native Method)
	at java.base/jdk.internal.reflect.NativeMethodAccessorImpl.invoke(NativeMethodAccessorImpl.java:77)
	at java.base/jdk.internal.reflect.DelegatingMethodAccessorImpl.invoke(DelegatingMethodAccessorImpl.java:43)
	at java.base/java.lang.reflect.Method.invoke(Method.java:568)
	at com.sun.javafx.reflect.Trampoline.invoke(MethodUtil.java:77)
	at jdk.internal.reflect.GeneratedMethodAccessor2.invoke(Unknown Source)
	at java.base/jdk.internal.reflect.DelegatingMethodAccessorImpl.invoke(DelegatingMethodAccessorImpl.java:43)
	at java.base/java.lang.reflect.Method.invoke(Method.java:568)
	at javafx.base/com.sun.javafx.reflect.MethodUtil.invoke(MethodUtil.java:275)
	at javafx.fxml/com.sun.javafx.fxml.MethodHelper.invoke(MethodHelper.java:84)
	at javafx.fxml/javafx.fxml.FXMLLoader$MethodHandler.invoke(FXMLLoader.java:1854)
	at javafx.fxml/javafx.fxml.FXMLLoader$ControllerMethodEventHandler.handle(FXMLLoader.java:1724)
	at javafx.base/com.sun.javafx.event.CompositeEventHandler.dispatchBubblingEvent(CompositeEventHandler.java:86)
	at javafx.base/com.sun.javafx.event.EventHandlerManager.dispatchBubblingEvent(EventHandlerManager.java:234)
	at javafx.base/com.sun.javafx.event.EventHandlerManager.dispatchBubblingEvent(EventHandlerManager.java:191)
	at javafx.base/com.sun.javafx.event.CompositeEventDispatcher.dispatchBubblingEvent(CompositeEventDispatcher.java:59)
	at javafx.base/com.sun.javafx.event.BasicEventDispatcher.dispatchEvent(BasicEventDispatcher.java:58)
	at javafx.base/com.sun.javafx.event.EventDispatchChainImpl.dispatchEvent(EventDispatchChainImpl.java:114)
	at javafx.base/com.sun.javafx.event.BasicEventDispatcher.dispatchEvent(BasicEventDispatcher.java:56)
	at javafx.base/com.sun.javafx.event.EventDispatchChainImpl.dispatchEvent(EventDispatchChainImpl.java:114)
	at javafx.base/com.sun.javafx.event.BasicEventDispatcher.dispatchEvent(BasicEventDispatcher.java:56)
	at javafx.base/com.sun.javafx.event.EventDispatchChainImpl.dispatchEvent(EventDispatchChainImpl.java:114)
	at javafx.base/com.sun.javafx.event.EventUtil.fireEventImpl(EventUtil.java:74)
	at javafx.base/com.sun.javafx.event.EventUtil.fireEvent(EventUtil.java:49)
	at javafx.base/javafx.event.Event.fireEvent(Event.java:198)
	at javafx.graphics/javafx.scene.Node.fireEvent(Node.java:8792)
	at javafx.controls/javafx.scene.control.Button.fire(Button.java:203)
	at javafx.controls/com.sun.javafx.scene.control.behavior.ButtonBehavior.mouseReleased(ButtonBehavior.java:208)
	at javafx.controls/com.sun.javafx.scene.control.inputmap.InputMap.handle(InputMap.java:274)
	at javafx.base/com.sun.javafx.event.CompositeEventHandler$NormalEventHandlerRecord.handleBubblingEvent(CompositeEventHandler.java:247)
	at javafx.base/com.sun.javafx.event.CompositeEventHandler.dispatchBubblingEvent(CompositeEventHandler.java:80)
	at javafx.base/com.sun.javafx.event.EventHandlerManager.dispatchBubblingEvent(EventHandlerManager.java:234)
	at javafx.base/com.sun.javafx.event.EventHandlerManager.dispatchBubblingEvent(EventHandlerManager.java:191)
	at javafx.base/com.sun.javafx.event.CompositeEventDispatcher.dispatchBubblingEvent(CompositeEventDispatcher.java:59)
	at javafx.base/com.sun.javafx.event.BasicEventDispatcher.dispatchEvent(BasicEventDispatcher.java:58)
	at javafx.base/com.sun.javafx.event.EventDispatchChainImpl.dispatchEvent(EventDispatchChainImpl.java:114)
	at javafx.base/com.sun.javafx.event.BasicEventDispatcher.dispatchEvent(BasicEventDispatcher.java:56)
	at javafx.base/com.sun.javafx.event.EventDispatchChainImpl.dispatchEvent(EventDispatchChainImpl.java:114)
	at javafx.base/com.sun.javafx.event.BasicEventDispatcher.dispatchEvent(BasicEventDispatcher.java:56)
	at javafx.base/com.sun.javafx.event.EventDispatchChainImpl.dispatchEvent(EventDispatchChainImpl.java:114)
	at javafx.base/com.sun.javafx.event.EventUtil.fireEventImpl(EventUtil.java:74)
	at javafx.base/com.sun.javafx.event.EventUtil.fireEvent(EventUtil.java:54)
	at javafx.base/javafx.event.Event.fireEvent(Event.java:198)
	at javafx.graphics/javafx.scene.Scene$MouseHandler.process(Scene.java:3897)
	at javafx.graphics/javafx.scene.Scene.processMouseEvent(Scene.java:1878)
	at javafx.graphics/javafx.scene.Scene$ScenePeerListener.mouseEvent(Scene.java:2623)
	at javafx.graphics/com.sun.javafx.tk.quantum.GlassViewEventHandler$MouseEventNotification.run(GlassViewEventHandler.java:411)
	at javafx.graphics/com.sun.javafx.tk.quantum.GlassViewEventHandler$MouseEventNotification.run(GlassViewEventHandler.java:301)
	at java.base/java.security.AccessController.doPrivileged(AccessController.java:399)
	at javafx.graphics/com.sun.javafx.tk.quantum.GlassViewEventHandler.lambda$handleMouseEvent$2(GlassViewEventHandler.java:450)
	at javafx.graphics/com.sun.javafx.tk.quantum.QuantumToolkit.runWithoutRenderLock(QuantumToolkit.java:424)
	at javafx.graphics/com.sun.javafx.tk.quantum.GlassViewEventHandler.handleMouseEvent(GlassViewEventHandler.java:449)
	at javafx.graphics/com.sun.glass.ui.View.handleMouseEvent(View.java:557)
	at javafx.graphics/com.sun.glass.ui.View.notifyMouse(View.java:943)
	at javafx.graphics/com.sun.glass.ui.win.WinApplication._runLoop(Native Method)
	at javafx.graphics/com.sun.glass.ui.win.WinApplication.lambda$runLoop$3(WinApplication.java:184)
	at java.base/java.lang.Thread.run(Thread.java:842)
Caused by: java.lang.reflect.InvocationTargetException: null
	at java.base/jdk.internal.reflect.NativeMethodAccessorImpl.invoke0(Native Method)
	at java.base/jdk.internal.reflect.NativeMethodAccessorImpl.invoke(NativeMethodAccessorImpl.java:77)
	at java.base/jdk.internal.reflect.DelegatingMethodAccessorImpl.invoke(DelegatingMethodAccessorImpl.java:43)
	at java.base/java.lang.reflect.Method.invoke(Method.java:568)
	at com.sun.javafx.reflect.Trampoline.invoke(MethodUtil.java:77)
	at jdk.internal.reflect.GeneratedMethodAccessor2.invoke(Unknown Source)
	at java.base/jdk.internal.reflect.DelegatingMethodAccessorImpl.invoke(DelegatingMethodAccessorImpl.java:43)
	at java.base/java.lang.reflect.Method.invoke(Method.java:568)
	at javafx.base/com.sun.javafx.reflect.MethodUtil.invoke(MethodUtil.java:275)
	at javafx.fxml/com.sun.javafx.fxml.MethodHelper.invoke(MethodHelper.java:84)
	at javafx.fxml/javafx.fxml.FXMLLoader.loadImpl(FXMLLoader.java:2680)
	... 61 common frames omitted
Caused by: java.lang.NullPointerException: Cannot invoke "javafx.scene.control.ComboBox.setItems(javafx.collections.ObservableList)" because "this.cmbFiltreVenteProduit" is null
	at com.pharmacie.controllers.VenteController.initialize(VenteController.java:377)
	... 72 common frames omitted
2026-04-19 11:12:12.571 [JavaFX Application Thread] ERROR c.p.controllers.MainController - Erreur chargement d'une Vue (MainController)
javafx.fxml.LoadException: 
/C:/projetjavasout/target/classes/fxml/ventes.fxml

	at javafx.fxml/javafx.fxml.FXMLLoader.constructLoadException(FXMLLoader.java:2714)
	at javafx.fxml/javafx.fxml.FXMLLoader.loadImpl(FXMLLoader.java:2684)
	at javafx.fxml/javafx.fxml.FXMLLoader.loadImpl(FXMLLoader.java:2555)
	at javafx.fxml/javafx.fxml.FXMLLoader.load(FXMLLoader.java:2523)
	at com.pharmacie.controllers.MainController.loadView(MainController.java:72)
	at com.pharmacie.controllers.MainController.showSales(MainController.java:86)
	at java.base/jdk.internal.reflect.NativeMethodAccessorImpl.invoke0(Native Method)
	at java.base/jdk.internal.reflect.NativeMethodAccessorImpl.invoke(NativeMethodAccessorImpl.java:77)
	at java.base/jdk.internal.reflect.DelegatingMethodAccessorImpl.invoke(DelegatingMethodAccessorImpl.java:43)
	at java.base/java.lang.reflect.Method.invoke(Method.java:568)
	at com.sun.javafx.reflect.Trampoline.invoke(MethodUtil.java:77)
	at jdk.internal.reflect.GeneratedMethodAccessor2.invoke(Unknown Source)
	at java.base/jdk.internal.reflect.DelegatingMethodAccessorImpl.invoke(DelegatingMethodAccessorImpl.java:43)
	at java.base/java.lang.reflect.Method.invoke(Method.java:568)
	at javafx.base/com.sun.javafx.reflect.MethodUtil.invoke(MethodUtil.java:275)
	at javafx.fxml/com.sun.javafx.fxml.MethodHelper.invoke(MethodHelper.java:84)
	at javafx.fxml/javafx.fxml.FXMLLoader$MethodHandler.invoke(FXMLLoader.java:1854)
	at javafx.fxml/javafx.fxml.FXMLLoader$ControllerMethodEventHandler.handle(FXMLLoader.java:1724)
	at javafx.base/com.sun.javafx.event.CompositeEventHandler.dispatchBubblingEvent(CompositeEventHandler.java:86)
	at javafx.base/com.sun.javafx.event.EventHandlerManager.dispatchBubblingEvent(EventHandlerManager.java:234)
	at javafx.base/com.sun.javafx.event.EventHandlerManager.dispatchBubblingEvent(EventHandlerManager.java:191)
	at javafx.base/com.sun.javafx.event.CompositeEventDispatcher.dispatchBubblingEvent(CompositeEventDispatcher.java:59)
	at javafx.base/com.sun.javafx.event.BasicEventDispatcher.dispatchEvent(BasicEventDispatcher.java:58)
	at javafx.base/com.sun.javafx.event.EventDispatchChainImpl.dispatchEvent(EventDispatchChainImpl.java:114)
	at javafx.base/com.sun.javafx.event.BasicEventDispatcher.dispatchEvent(BasicEventDispatcher.java:56)
	at javafx.base/com.sun.javafx.event.EventDispatchChainImpl.dispatchEvent(EventDispatchChainImpl.java:114)
	at javafx.base/com.sun.javafx.event.BasicEventDispatcher.dispatchEvent(BasicEventDispatcher.java:56)
	at javafx.base/com.sun.javafx.event.EventDispatchChainImpl.dispatchEvent(EventDispatchChainImpl.java:114)
	at javafx.base/com.sun.javafx.event.EventUtil.fireEventImpl(EventUtil.java:74)
	at javafx.base/com.sun.javafx.event.EventUtil.fireEvent(EventUtil.java:49)
	at javafx.base/javafx.event.Event.fireEvent(Event.java:198)
	at javafx.graphics/javafx.scene.Node.fireEvent(Node.java:8792)
	at javafx.controls/javafx.scene.control.Button.fire(Button.java:203)
	at javafx.controls/com.sun.javafx.scene.control.behavior.ButtonBehavior.mouseReleased(ButtonBehavior.java:208)
	at javafx.controls/com.sun.javafx.scene.control.inputmap.InputMap.handle(InputMap.java:274)
	at javafx.base/com.sun.javafx.event.CompositeEventHandler$NormalEventHandlerRecord.handleBubblingEvent(CompositeEventHandler.java:247)
	at javafx.base/com.sun.javafx.event.CompositeEventHandler.dispatchBubblingEvent(CompositeEventHandler.java:80)
	at javafx.base/com.sun.javafx.event.EventHandlerManager.dispatchBubblingEvent(EventHandlerManager.java:234)
	at javafx.base/com.sun.javafx.event.EventHandlerManager.dispatchBubblingEvent(EventHandlerManager.java:191)
	at javafx.base/com.sun.javafx.event.CompositeEventDispatcher.dispatchBubblingEvent(CompositeEventDispatcher.java:59)
	at javafx.base/com.sun.javafx.event.BasicEventDispatcher.dispatchEvent(BasicEventDispatcher.java:58)
	at javafx.base/com.sun.javafx.event.EventDispatchChainImpl.dispatchEvent(EventDispatchChainImpl.java:114)
	at javafx.base/com.sun.javafx.event.BasicEventDispatcher.dispatchEvent(BasicEventDispatcher.java:56)
	at javafx.base/com.sun.javafx.event.EventDispatchChainImpl.dispatchEvent(EventDispatchChainImpl.java:114)
	at javafx.base/com.sun.javafx.event.BasicEventDispatcher.dispatchEvent(BasicEventDispatcher.java:56)
	at javafx.base/com.sun.javafx.event.EventDispatchChainImpl.dispatchEvent(EventDispatchChainImpl.java:114)
	at javafx.base/com.sun.javafx.event.EventUtil.fireEventImpl(EventUtil.java:74)
	at javafx.base/com.sun.javafx.event.EventUtil.fireEvent(EventUtil.java:54)
	at javafx.base/javafx.event.Event.fireEvent(Event.java:198)
	at javafx.graphics/javafx.scene.Scene$MouseHandler.process(Scene.java:3897)
	at javafx.graphics/javafx.scene.Scene.processMouseEvent(Scene.java:1878)
	at javafx.graphics/javafx.scene.Scene$ScenePeerListener.mouseEvent(Scene.java:2623)
	at javafx.graphics/com.sun.javafx.tk.quantum.GlassViewEventHandler$MouseEventNotification.run(GlassViewEventHandler.java:411)
	at javafx.graphics/com.sun.javafx.tk.quantum.GlassViewEventHandler$MouseEventNotification.run(GlassViewEventHandler.java:301)
	at java.base/java.security.AccessController.doPrivileged(AccessController.java:399)
	at javafx.graphics/com.sun.javafx.tk.quantum.GlassViewEventHandler.lambda$handleMouseEvent$2(GlassViewEventHandler.java:450)
	at javafx.graphics/com.sun.javafx.tk.quantum.QuantumToolkit.runWithoutRenderLock(QuantumToolkit.java:424)
	at javafx.graphics/com.sun.javafx.tk.quantum.GlassViewEventHandler.handleMouseEvent(GlassViewEventHandler.java:449)
	at javafx.graphics/com.sun.glass.ui.View.handleMouseEvent(View.java:557)
	at javafx.graphics/com.sun.glass.ui.View.notifyMouse(View.java:943)
	at javafx.graphics/com.sun.glass.ui.win.WinApplication._runLoop(Native Method)
	at javafx.graphics/com.sun.glass.ui.win.WinApplication.lambda$runLoop$3(WinApplication.java:184)
	at java.base/java.lang.Thread.run(Thread.java:842)
Caused by: java.lang.reflect.InvocationTargetException: null
	at java.base/jdk.internal.reflect.NativeMethodAccessorImpl.invoke0(Native Method)
	at java.base/jdk.internal.reflect.NativeMethodAccessorImpl.invoke(NativeMethodAccessorImpl.java:77)
	at java.base/jdk.internal.reflect.DelegatingMethodAccessorImpl.invoke(DelegatingMethodAccessorImpl.java:43)
	at java.base/java.lang.reflect.Method.invoke(Method.java:568)
	at com.sun.javafx.reflect.Trampoline.invoke(MethodUtil.java:77)
	at jdk.internal.reflect.GeneratedMethodAccessor2.invoke(Unknown Source)
	at java.base/jdk.internal.reflect.DelegatingMethodAccessorImpl.invoke(DelegatingMethodAccessorImpl.java:43)
	at java.base/java.lang.reflect.Method.invoke(Method.java:568)
	at javafx.base/com.sun.javafx.reflect.MethodUtil.invoke(MethodUtil.java:275)
	at javafx.fxml/com.sun.javafx.fxml.MethodHelper.invoke(MethodHelper.java:84)
	at javafx.fxml/javafx.fxml.FXMLLoader.loadImpl(FXMLLoader.java:2680)
	... 61 common frames omitted
Caused by: java.lang.NullPointerException: Cannot invoke "javafx.scene.control.ComboBox.setItems(javafx.collections.ObservableList)" because "this.cmbFiltreVenteProduit" is null
	at com.pharmacie.controllers.VenteController.initialize(VenteController.java:377)
	... 72 common frames omitted
2026-04-19 11:12:12.875 [JavaFX Application Thread] ERROR c.p.controllers.MainController - Erreur chargement d'une Vue (MainController)
javafx.fxml.LoadException: 
/C:/projetjavasout/target/classes/fxml/ventes.fxml

	at javafx.fxml/javafx.fxml.FXMLLoader.constructLoadException(FXMLLoader.java:2714)
	at javafx.fxml/javafx.fxml.FXMLLoader.loadImpl(FXMLLoader.java:2684)
	at javafx.fxml/javafx.fxml.FXMLLoader.loadImpl(FXMLLoader.java:2555)
	at javafx.fxml/javafx.fxml.FXMLLoader.load(FXMLLoader.java:2523)
	at com.pharmacie.controllers.MainController.loadView(MainController.java:72)
	at com.pharmacie.controllers.MainController.showSales(MainController.java:86)
	at java.base/jdk.internal.reflect.NativeMethodAccessorImpl.invoke0(Native Method)
	at java.base/jdk.internal.reflect.NativeMethodAccessorImpl.invoke(NativeMethodAccessorImpl.java:77)
	at java.base/jdk.internal.reflect.DelegatingMethodAccessorImpl.invoke(DelegatingMethodAccessorImpl.java:43)
	at java.base/java.lang.reflect.Method.invoke(Method.java:568)
	at com.sun.javafx.reflect.Trampoline.invoke(MethodUtil.java:77)
	at jdk.internal.reflect.GeneratedMethodAccessor2.invoke(Unknown Source)
	at java.base/jdk.internal.reflect.DelegatingMethodAccessorImpl.invoke(DelegatingMethodAccessorImpl.java:43)
	at java.base/java.lang.reflect.Method.invoke(Method.java:568)
	at javafx.base/com.sun.javafx.reflect.MethodUtil.invoke(MethodUtil.java:275)
	at javafx.fxml/com.sun.javafx.fxml.MethodHelper.invoke(MethodHelper.java:84)
	at javafx.fxml/javafx.fxml.FXMLLoader$MethodHandler.invoke(FXMLLoader.java:1854)
	at javafx.fxml/javafx.fxml.FXMLLoader$ControllerMethodEventHandler.handle(FXMLLoader.java:1724)
	at javafx.base/com.sun.javafx.event.CompositeEventHandler.dispatchBubblingEvent(CompositeEventHandler.java:86)
	at javafx.base/com.sun.javafx.event.EventHandlerManager.dispatchBubblingEvent(EventHandlerManager.java:234)
	at javafx.base/com.sun.javafx.event.EventHandlerManager.dispatchBubblingEvent(EventHandlerManager.java:191)
	at javafx.base/com.sun.javafx.event.CompositeEventDispatcher.dispatchBubblingEvent(CompositeEventDispatcher.java:59)
	at javafx.base/com.sun.javafx.event.BasicEventDispatcher.dispatchEvent(BasicEventDispatcher.java:58)
	at javafx.base/com.sun.javafx.event.EventDispatchChainImpl.dispatchEvent(EventDispatchChainImpl.java:114)
	at javafx.base/com.sun.javafx.event.BasicEventDispatcher.dispatchEvent(BasicEventDispatcher.java:56)
	at javafx.base/com.sun.javafx.event.EventDispatchChainImpl.dispatchEvent(EventDispatchChainImpl.java:114)
	at javafx.base/com.sun.javafx.event.BasicEventDispatcher.dispatchEvent(BasicEventDispatcher.java:56)
	at javafx.base/com.sun.javafx.event.EventDispatchChainImpl.dispatchEvent(EventDispatchChainImpl.java:114)
	at javafx.base/com.sun.javafx.event.EventUtil.fireEventImpl(EventUtil.java:74)
	at javafx.base/com.sun.javafx.event.EventUtil.fireEvent(EventUtil.java:49)
	at javafx.base/javafx.event.Event.fireEvent(Event.java:198)
	at javafx.graphics/javafx.scene.Node.fireEvent(Node.java:8792)
	at javafx.controls/javafx.scene.control.Button.fire(Button.java:203)
	at javafx.controls/com.sun.javafx.scene.control.behavior.ButtonBehavior.mouseReleased(ButtonBehavior.java:208)
	at javafx.controls/com.sun.javafx.scene.control.inputmap.InputMap.handle(InputMap.java:274)
	at javafx.base/com.sun.javafx.event.CompositeEventHandler$NormalEventHandlerRecord.handleBubblingEvent(CompositeEventHandler.java:247)
	at javafx.base/com.sun.javafx.event.CompositeEventHandler.dispatchBubblingEvent(CompositeEventHandler.java:80)
	at javafx.base/com.sun.javafx.event.EventHandlerManager.dispatchBubblingEvent(EventHandlerManager.java:234)
	at javafx.base/com.sun.javafx.event.EventHandlerManager.dispatchBubblingEvent(EventHandlerManager.java:191)
	at javafx.base/com.sun.javafx.event.CompositeEventDispatcher.dispatchBubblingEvent(CompositeEventDispatcher.java:59)
	at javafx.base/com.sun.javafx.event.BasicEventDispatcher.dispatchEvent(BasicEventDispatcher.java:58)
	at javafx.base/com.sun.javafx.event.EventDispatchChainImpl.dispatchEvent(EventDispatchChainImpl.java:114)
	at javafx.base/com.sun.javafx.event.BasicEventDispatcher.dispatchEvent(BasicEventDispatcher.java:56)
	at javafx.base/com.sun.javafx.event.EventDispatchChainImpl.dispatchEvent(EventDispatchChainImpl.java:114)
	at javafx.base/com.sun.javafx.event.BasicEventDispatcher.dispatchEvent(BasicEventDispatcher.java:56)
	at javafx.base/com.sun.javafx.event.EventDispatchChainImpl.dispatchEvent(EventDispatchChainImpl.java:114)
	at javafx.base/com.sun.javafx.event.EventUtil.fireEventImpl(EventUtil.java:74)
	at javafx.base/com.sun.javafx.event.EventUtil.fireEvent(EventUtil.java:54)
	at javafx.base/javafx.event.Event.fireEvent(Event.java:198)
	at javafx.graphics/javafx.scene.Scene$MouseHandler.process(Scene.java:3897)
	at javafx.graphics/javafx.scene.Scene.processMouseEvent(Scene.java:1878)
	at javafx.graphics/javafx.scene.Scene$ScenePeerListener.mouseEvent(Scene.java:2623)
	at javafx.graphics/com.sun.javafx.tk.quantum.GlassViewEventHandler$MouseEventNotification.run(GlassViewEventHandler.java:411)
	at javafx.graphics/com.sun.javafx.tk.quantum.GlassViewEventHandler$MouseEventNotification.run(GlassViewEventHandler.java:301)
	at java.base/java.security.AccessController.doPrivileged(AccessController.java:399)
	at javafx.graphics/com.sun.javafx.tk.quantum.GlassViewEventHandler.lambda$handleMouseEvent$2(GlassViewEventHandler.java:450)
	at javafx.graphics/com.sun.javafx.tk.quantum.QuantumToolkit.runWithoutRenderLock(QuantumToolkit.java:424)
	at javafx.graphics/com.sun.javafx.tk.quantum.GlassViewEventHandler.handleMouseEvent(GlassViewEventHandler.java:449)
	at javafx.graphics/com.sun.glass.ui.View.handleMouseEvent(View.java:557)
	at javafx.graphics/com.sun.glass.ui.View.notifyMouse(View.java:943)
	at javafx.graphics/com.sun.glass.ui.win.WinApplication._runLoop(Native Method)
	at javafx.graphics/com.sun.glass.ui.win.WinApplication.lambda$runLoop$3(WinApplication.java:184)
	at java.base/java.lang.Thread.run(Thread.java:842)
Caused by: java.lang.reflect.InvocationTargetException: null
	at java.base/jdk.internal.reflect.NativeMethodAccessorImpl.invoke0(Native Method)
	at java.base/jdk.internal.reflect.NativeMethodAccessorImpl.invoke(NativeMethodAccessorImpl.java:77)
	at java.base/jdk.internal.reflect.DelegatingMethodAccessorImpl.invoke(DelegatingMethodAccessorImpl.java:43)
	at java.base/java.lang.reflect.Method.invoke(Method.java:568)
	at com.sun.javafx.reflect.Trampoline.invoke(MethodUtil.java:77)
	at jdk.internal.reflect.GeneratedMethodAccessor2.invoke(Unknown Source)
	at java.base/jdk.internal.reflect.DelegatingMethodAccessorImpl.invoke(DelegatingMethodAccessorImpl.java:43)
	at java.base/java.lang.reflect.Method.invoke(Method.java:568)
	at javafx.base/com.sun.javafx.reflect.MethodUtil.invoke(MethodUtil.java:275)
	at javafx.fxml/com.sun.javafx.fxml.MethodHelper.invoke(MethodHelper.java:84)
	at javafx.fxml/javafx.fxml.FXMLLoader.loadImpl(FXMLLoader.java:2680)
	... 61 common frames omitted
Caused by: java.lang.NullPointerException: Cannot invoke "javafx.scene.control.ComboBox.setItems(javafx.collections.ObservableList)" because "this.cmbFiltreVenteProduit" is null
	at com.pharmacie.controllers.VenteController.initialize(VenteController.java:377)
	... 72 common frames omitted
2026-04-19 11:12:13.172 [JavaFX Application Thread] ERROR c.p.controllers.MainController - Erreur chargement d'une Vue (MainController)
javafx.fxml.LoadException: 
/C:/projetjavasout/target/classes/fxml/ventes.fxml

	at javafx.fxml/javafx.fxml.FXMLLoader.constructLoadException(FXMLLoader.java:2714)
	at javafx.fxml/javafx.fxml.FXMLLoader.loadImpl(FXMLLoader.java:2684)
	at javafx.fxml/javafx.fxml.FXMLLoader.loadImpl(FXMLLoader.java:2555)
	at javafx.fxml/javafx.fxml.FXMLLoader.load(FXMLLoader.java:2523)
	at com.pharmacie.controllers.MainController.loadView(MainController.java:72)
	at com.pharmacie.controllers.MainController.showSales(MainController.java:86)
	at java.base/jdk.internal.reflect.NativeMethodAccessorImpl.invoke0(Native Method)
	at java.base/jdk.internal.reflect.NativeMethodAccessorImpl.invoke(NativeMethodAccessorImpl.java:77)
	at java.base/jdk.internal.reflect.DelegatingMethodAccessorImpl.invoke(DelegatingMethodAccessorImpl.java:43)
	at java.base/java.lang.reflect.Method.invoke(Method.java:568)
	at com.sun.javafx.reflect.Trampoline.invoke(MethodUtil.java:77)
	at jdk.internal.reflect.GeneratedMethodAccessor2.invoke(Unknown Source)
	at java.base/jdk.internal.reflect.DelegatingMethodAccessorImpl.invoke(DelegatingMethodAccessorImpl.java:43)
	at java.base/java.lang.reflect.Method.invoke(Method.java:568)
	at javafx.base/com.sun.javafx.reflect.MethodUtil.invoke(MethodUtil.java:275)
	at javafx.fxml/com.sun.javafx.fxml.MethodHelper.invoke(MethodHelper.java:84)
	at javafx.fxml/javafx.fxml.FXMLLoader$MethodHandler.invoke(FXMLLoader.java:1854)
	at javafx.fxml/javafx.fxml.FXMLLoader$ControllerMethodEventHandler.handle(FXMLLoader.java:1724)
	at javafx.base/com.sun.javafx.event.CompositeEventHandler.dispatchBubblingEvent(CompositeEventHandler.java:86)
	at javafx.base/com.sun.javafx.event.EventHandlerManager.dispatchBubblingEvent(EventHandlerManager.java:234)
	at javafx.base/com.sun.javafx.event.EventHandlerManager.dispatchBubblingEvent(EventHandlerManager.java:191)
	at javafx.base/com.sun.javafx.event.CompositeEventDispatcher.dispatchBubblingEvent(CompositeEventDispatcher.java:59)
	at javafx.base/com.sun.javafx.event.BasicEventDispatcher.dispatchEvent(BasicEventDispatcher.java:58)
	at javafx.base/com.sun.javafx.event.EventDispatchChainImpl.dispatchEvent(EventDispatchChainImpl.java:114)
	at javafx.base/com.sun.javafx.event.BasicEventDispatcher.dispatchEvent(BasicEventDispatcher.java:56)
	at javafx.base/com.sun.javafx.event.EventDispatchChainImpl.dispatchEvent(EventDispatchChainImpl.java:114)
	at javafx.base/com.sun.javafx.event.BasicEventDispatcher.dispatchEvent(BasicEventDispatcher.java:56)
	at javafx.base/com.sun.javafx.event.EventDispatchChainImpl.dispatchEvent(EventDispatchChainImpl.java:114)
	at javafx.base/com.sun.javafx.event.EventUtil.fireEventImpl(EventUtil.java:74)
	at javafx.base/com.sun.javafx.event.EventUtil.fireEvent(EventUtil.java:49)
	at javafx.base/javafx.event.Event.fireEvent(Event.java:198)
	at javafx.graphics/javafx.scene.Node.fireEvent(Node.java:8792)
	at javafx.controls/javafx.scene.control.Button.fire(Button.java:203)
	at javafx.controls/com.sun.javafx.scene.control.behavior.ButtonBehavior.mouseReleased(ButtonBehavior.java:208)
	at javafx.controls/com.sun.javafx.scene.control.inputmap.InputMap.handle(InputMap.java:274)
	at javafx.base/com.sun.javafx.event.CompositeEventHandler$NormalEventHandlerRecord.handleBubblingEvent(CompositeEventHandler.java:247)
	at javafx.base/com.sun.javafx.event.CompositeEventHandler.dispatchBubblingEvent(CompositeEventHandler.java:80)
	at javafx.base/com.sun.javafx.event.EventHandlerManager.dispatchBubblingEvent(EventHandlerManager.java:234)
	at javafx.base/com.sun.javafx.event.EventHandlerManager.dispatchBubblingEvent(EventHandlerManager.java:191)
	at javafx.base/com.sun.javafx.event.CompositeEventDispatcher.dispatchBubblingEvent(CompositeEventDispatcher.java:59)
	at javafx.base/com.sun.javafx.event.BasicEventDispatcher.dispatchEvent(BasicEventDispatcher.java:58)
	at javafx.base/com.sun.javafx.event.EventDispatchChainImpl.dispatchEvent(EventDispatchChainImpl.java:114)
	at javafx.base/com.sun.javafx.event.BasicEventDispatcher.dispatchEvent(BasicEventDispatcher.java:56)
	at javafx.base/com.sun.javafx.event.EventDispatchChainImpl.dispatchEvent(EventDispatchChainImpl.java:114)
	at javafx.base/com.sun.javafx.event.BasicEventDispatcher.dispatchEvent(BasicEventDispatcher.java:56)
	at javafx.base/com.sun.javafx.event.EventDispatchChainImpl.dispatchEvent(EventDispatchChainImpl.java:114)
	at javafx.base/com.sun.javafx.event.EventUtil.fireEventImpl(EventUtil.java:74)
	at javafx.base/com.sun.javafx.event.EventUtil.fireEvent(EventUtil.java:54)
	at javafx.base/javafx.event.Event.fireEvent(Event.java:198)
	at javafx.graphics/javafx.scene.Scene$MouseHandler.process(Scene.java:3897)
	at javafx.graphics/javafx.scene.Scene.processMouseEvent(Scene.java:1878)
	at javafx.graphics/javafx.scene.Scene$ScenePeerListener.mouseEvent(Scene.java:2623)
	at javafx.graphics/com.sun.javafx.tk.quantum.GlassViewEventHandler$MouseEventNotification.run(GlassViewEventHandler.java:411)
	at javafx.graphics/com.sun.javafx.tk.quantum.GlassViewEventHandler$MouseEventNotification.run(GlassViewEventHandler.java:301)
	at java.base/java.security.AccessController.doPrivileged(AccessController.java:399)
	at javafx.graphics/com.sun.javafx.tk.quantum.GlassViewEventHandler.lambda$handleMouseEvent$2(GlassViewEventHandler.java:450)
	at javafx.graphics/com.sun.javafx.tk.quantum.QuantumToolkit.runWithoutRenderLock(QuantumToolkit.java:424)
	at javafx.graphics/com.sun.javafx.tk.quantum.GlassViewEventHandler.handleMouseEvent(GlassViewEventHandler.java:449)
	at javafx.graphics/com.sun.glass.ui.View.handleMouseEvent(View.java:557)
	at javafx.graphics/com.sun.glass.ui.View.notifyMouse(View.java:943)
	at javafx.graphics/com.sun.glass.ui.win.WinApplication._runLoop(Native Method)
	at javafx.graphics/com.sun.glass.ui.win.WinApplication.lambda$runLoop$3(WinApplication.java:184)
	at java.base/java.lang.Thread.run(Thread.java:842)
Caused by: java.lang.reflect.InvocationTargetException: null
	at java.base/jdk.internal.reflect.NativeMethodAccessorImpl.invoke0(Native Method)
	at java.base/jdk.internal.reflect.NativeMethodAccessorImpl.invoke(NativeMethodAccessorImpl.java:77)
	at java.base/jdk.internal.reflect.DelegatingMethodAccessorImpl.invoke(DelegatingMethodAccessorImpl.java:43)
	at java.base/java.lang.reflect.Method.invoke(Method.java:568)
	at com.sun.javafx.reflect.Trampoline.invoke(MethodUtil.java:77)
	at jdk.internal.reflect.GeneratedMethodAccessor2.invoke(Unknown Source)
	at java.base/jdk.internal.reflect.DelegatingMethodAccessorImpl.invoke(DelegatingMethodAccessorImpl.java:43)
	at java.base/java.lang.reflect.Method.invoke(Method.java:568)
	at javafx.base/com.sun.javafx.reflect.MethodUtil.invoke(MethodUtil.java:275)
	at javafx.fxml/com.sun.javafx.fxml.MethodHelper.invoke(MethodHelper.java:84)
	at javafx.fxml/javafx.fxml.FXMLLoader.loadImpl(FXMLLoader.java:2680)
	... 61 common frames omitted
Caused by: java.lang.NullPointerException: Cannot invoke "javafx.scene.control.ComboBox.setItems(javafx.collections.ObservableList)" because "this.cmbFiltreVenteProduit" is null
	at com.pharmacie.controllers.VenteController.initialize(VenteController.java:377)
	... 72 common frames omitted
2026-04-19 11:12:14.488 [JavaFX Application Thread] ERROR c.p.controllers.MainController - Erreur chargement d'une Vue (MainController)
javafx.fxml.LoadException: 
/C:/projetjavasout/target/classes/fxml/ventes.fxml

	at javafx.fxml/javafx.fxml.FXMLLoader.constructLoadException(FXMLLoader.java:2714)
	at javafx.fxml/javafx.fxml.FXMLLoader.loadImpl(FXMLLoader.java:2684)
	at javafx.fxml/javafx.fxml.FXMLLoader.loadImpl(FXMLLoader.java:2555)
	at javafx.fxml/javafx.fxml.FXMLLoader.load(FXMLLoader.java:2523)
	at com.pharmacie.controllers.MainController.loadView(MainController.java:72)
	at com.pharmacie.controllers.MainController.showSales(MainController.java:86)
	at java.base/jdk.internal.reflect.NativeMethodAccessorImpl.invoke0(Native Method)
	at java.base/jdk.internal.reflect.NativeMethodAccessorImpl.invoke(NativeMethodAccessorImpl.java:77)
	at java.base/jdk.internal.reflect.DelegatingMethodAccessorImpl.invoke(DelegatingMethodAccessorImpl.java:43)
	at java.base/java.lang.reflect.Method.invoke(Method.java:568)
	at com.sun.javafx.reflect.Trampoline.invoke(MethodUtil.java:77)
	at jdk.internal.reflect.GeneratedMethodAccessor2.invoke(Unknown Source)
	at java.base/jdk.internal.reflect.DelegatingMethodAccessorImpl.invoke(DelegatingMethodAccessorImpl.java:43)
	at java.base/java.lang.reflect.Method.invoke(Method.java:568)
	at javafx.base/com.sun.javafx.reflect.MethodUtil.invoke(MethodUtil.java:275)
	at javafx.fxml/com.sun.javafx.fxml.MethodHelper.invoke(MethodHelper.java:84)
	at javafx.fxml/javafx.fxml.FXMLLoader$MethodHandler.invoke(FXMLLoader.java:1854)
	at javafx.fxml/javafx.fxml.FXMLLoader$ControllerMethodEventHandler.handle(FXMLLoader.java:1724)
	at javafx.base/com.sun.javafx.event.CompositeEventHandler.dispatchBubblingEvent(CompositeEventHandler.java:86)
	at javafx.base/com.sun.javafx.event.EventHandlerManager.dispatchBubblingEvent(EventHandlerManager.java:234)
	at javafx.base/com.sun.javafx.event.EventHandlerManager.dispatchBubblingEvent(EventHandlerManager.java:191)
	at javafx.base/com.sun.javafx.event.CompositeEventDispatcher.dispatchBubblingEvent(CompositeEventDispatcher.java:59)
	at javafx.base/com.sun.javafx.event.BasicEventDispatcher.dispatchEvent(BasicEventDispatcher.java:58)
	at javafx.base/com.sun.javafx.event.EventDispatchChainImpl.dispatchEvent(EventDispatchChainImpl.java:114)
	at javafx.base/com.sun.javafx.event.BasicEventDispatcher.dispatchEvent(BasicEventDispatcher.java:56)
	at javafx.base/com.sun.javafx.event.EventDispatchChainImpl.dispatchEvent(EventDispatchChainImpl.java:114)
	at javafx.base/com.sun.javafx.event.BasicEventDispatcher.dispatchEvent(BasicEventDispatcher.java:56)
	at javafx.base/com.sun.javafx.event.EventDispatchChainImpl.dispatchEvent(EventDispatchChainImpl.java:114)
	at javafx.base/com.sun.javafx.event.EventUtil.fireEventImpl(EventUtil.java:74)
	at javafx.base/com.sun.javafx.event.EventUtil.fireEvent(EventUtil.java:49)
	at javafx.base/javafx.event.Event.fireEvent(Event.java:198)
	at javafx.graphics/javafx.scene.Node.fireEvent(Node.java:8792)
	at javafx.controls/javafx.scene.control.Button.fire(Button.java:203)
	at javafx.controls/com.sun.javafx.scene.control.behavior.ButtonBehavior.mouseReleased(ButtonBehavior.java:208)
	at javafx.controls/com.sun.javafx.scene.control.inputmap.InputMap.handle(InputMap.java:274)
	at javafx.base/com.sun.javafx.event.CompositeEventHandler$NormalEventHandlerRecord.handleBubblingEvent(CompositeEventHandler.java:247)
	at javafx.base/com.sun.javafx.event.CompositeEventHandler.dispatchBubblingEvent(CompositeEventHandler.java:80)
	at javafx.base/com.sun.javafx.event.EventHandlerManager.dispatchBubblingEvent(EventHandlerManager.java:234)
	at javafx.base/com.sun.javafx.event.EventHandlerManager.dispatchBubblingEvent(EventHandlerManager.java:191)
	at javafx.base/com.sun.javafx.event.CompositeEventDispatcher.dispatchBubblingEvent(CompositeEventDispatcher.java:59)
	at javafx.base/com.sun.javafx.event.BasicEventDispatcher.dispatchEvent(BasicEventDispatcher.java:58)
	at javafx.base/com.sun.javafx.event.EventDispatchChainImpl.dispatchEvent(EventDispatchChainImpl.java:114)
	at javafx.base/com.sun.javafx.event.BasicEventDispatcher.dispatchEvent(BasicEventDispatcher.java:56)
	at javafx.base/com.sun.javafx.event.EventDispatchChainImpl.dispatchEvent(EventDispatchChainImpl.java:114)
	at javafx.base/com.sun.javafx.event.BasicEventDispatcher.dispatchEvent(BasicEventDispatcher.java:56)
	at javafx.base/com.sun.javafx.event.EventDispatchChainImpl.dispatchEvent(EventDispatchChainImpl.java:114)
	at javafx.base/com.sun.javafx.event.EventUtil.fireEventImpl(EventUtil.java:74)
	at javafx.base/com.sun.javafx.event.EventUtil.fireEvent(EventUtil.java:54)
	at javafx.base/javafx.event.Event.fireEvent(Event.java:198)
	at javafx.graphics/javafx.scene.Scene$MouseHandler.process(Scene.java:3897)
	at javafx.graphics/javafx.scene.Scene.processMouseEvent(Scene.java:1878)
	at javafx.graphics/javafx.scene.Scene$ScenePeerListener.mouseEvent(Scene.java:2623)
	at javafx.graphics/com.sun.javafx.tk.quantum.GlassViewEventHandler$MouseEventNotification.run(GlassViewEventHandler.java:411)
	at javafx.graphics/com.sun.javafx.tk.quantum.GlassViewEventHandler$MouseEventNotification.run(GlassViewEventHandler.java:301)
	at java.base/java.security.AccessController.doPrivileged(AccessController.java:399)
	at javafx.graphics/com.sun.javafx.tk.quantum.GlassViewEventHandler.lambda$handleMouseEvent$2(GlassViewEventHandler.java:450)
	at javafx.graphics/com.sun.javafx.tk.quantum.QuantumToolkit.runWithoutRenderLock(QuantumToolkit.java:424)
	at javafx.graphics/com.sun.javafx.tk.quantum.GlassViewEventHandler.handleMouseEvent(GlassViewEventHandler.java:449)
	at javafx.graphics/com.sun.glass.ui.View.handleMouseEvent(View.java:557)
	at javafx.graphics/com.sun.glass.ui.View.notifyMouse(View.java:943)
	at javafx.graphics/com.sun.glass.ui.win.WinApplication._runLoop(Native Method)
	at javafx.graphics/com.sun.glass.ui.win.WinApplication.lambda$runLoop$3(WinApplication.java:184)
	at java.base/java.lang.Thread.run(Thread.java:842)
Caused by: java.lang.reflect.InvocationTargetException: null
	at java.base/jdk.internal.reflect.NativeMethodAccessorImpl.invoke0(Native Method)
	at java.base/jdk.internal.reflect.NativeMethodAccessorImpl.invoke(NativeMethodAccessorImpl.java:77)
	at java.base/jdk.internal.reflect.DelegatingMethodAccessorImpl.invoke(DelegatingMethodAccessorImpl.java:43)
	at java.base/java.lang.reflect.Method.invoke(Method.java:568)
	at com.sun.javafx.reflect.Trampoline.invoke(MethodUtil.java:77)
	at jdk.internal.reflect.GeneratedMethodAccessor2.invoke(Unknown Source)
	at java.base/jdk.internal.reflect.DelegatingMethodAccessorImpl.invoke(DelegatingMethodAccessorImpl.java:43)
	at java.base/java.lang.reflect.Method.invoke(Method.java:568)
	at javafx.base/com.sun.javafx.reflect.MethodUtil.invoke(MethodUtil.java:275)
	at javafx.fxml/com.sun.javafx.fxml.MethodHelper.invoke(MethodHelper.java:84)
	at javafx.fxml/javafx.fxml.FXMLLoader.loadImpl(FXMLLoader.java:2680)
	... 61 common frames omitted
Caused by: java.lang.NullPointerException: Cannot invoke "javafx.scene.control.ComboBox.setItems(javafx.collections.ObservableList)" because "this.cmbFiltreVenteProduit" is null
	at com.pharmacie.controllers.VenteController.initialize(VenteController.java:377)
	... 72 common frames omitted
2026-04-19 11:12:17.424 [JavaFX Application Thread] INFO  com.pharmacie.MainApp - Fermeture de l'application Vet-Pharmacy...
2026-04-19 11:12:17.425 [JavaFX Application Thread] INFO  com.pharmacie.utils.SyncService - Service de synchronisation arręté.
2026-04-19 11:12:51.952 [JavaFX Application Thread] INFO  com.pharmacie.MainApp - Démarrage de l'application Vet-Pharmacy...
2026-04-19 11:12:53.922 [JavaFX Application Thread] WARN  o.hibernate.orm.connections.pooling - HHH10001002: Using built-in connection pool (not intended for production use)
2026-04-19 11:12:54.633 [JavaFX Application Thread] WARN  org.hibernate.orm.deprecation - HHH90000025: MySQLDialect does not need to be specified explicitly using 'hibernate.dialect' (remove the property setting and it will be selected by default)
2026-04-19 11:13:12.922 [JavaFX Application Thread] INFO  c.p.controllers.LoginController - Connexion Setup Admin avec ID: 1
2026-04-19 11:13:13.822 [Timer-0] INFO  com.pharmacie.utils.SyncService - Internet détecté. Début de la synchronisation...
2026-04-19 11:13:13.822 [Timer-0] INFO  com.pharmacie.utils.SyncService - Envoi sécurisé des données vers le Cloud : https://api.pharmacie-veterinaire-cloud.com/sync
2026-04-19 11:13:13.822 [Timer-0] INFO  com.pharmacie.utils.SyncService - Synchronisation vers le Cloud réussie avec succčs !
2026-04-19 11:14:00.526 [JavaFX Application Thread] INFO  c.p.controllers.VenteController - Caisse ouverte avec un fond de 44444.0
2026-04-19 11:15:44.813 [JavaFX Application Thread] INFO  c.p.controllers.VenteController - Vente (ID: 98) validée et enregistrée via VenteService !
2026-04-19 11:18:13.797 [Timer-0] INFO  com.pharmacie.utils.SyncService - Internet détecté. Début de la synchronisation...
2026-04-19 11:18:13.798 [Timer-0] INFO  com.pharmacie.utils.SyncService - Envoi sécurisé des données vers le Cloud : https://api.pharmacie-veterinaire-cloud.com/sync
2026-04-19 11:18:13.799 [Timer-0] INFO  com.pharmacie.utils.SyncService - Synchronisation vers le Cloud réussie avec succčs !
2026-04-19 11:23:13.851 [Timer-0] INFO  com.pharmacie.utils.SyncService - Internet détecté. Début de la synchronisation...
2026-04-19 11:23:13.852 [Timer-0] INFO  com.pharmacie.utils.SyncService - Envoi sécurisé des données vers le Cloud : https://api.pharmacie-veterinaire-cloud.com/sync
2026-04-19 11:23:13.853 [Timer-0] INFO  com.pharmacie.utils.SyncService - Synchronisation vers le Cloud réussie avec succčs !
2026-04-19 11:28:13.809 [Timer-0] INFO  com.pharmacie.utils.SyncService - Internet détecté. Début de la synchronisation...
2026-04-19 11:28:13.811 [Timer-0] INFO  com.pharmacie.utils.SyncService - Envoi sécurisé des données vers le Cloud : https://api.pharmacie-veterinaire-cloud.com/sync
2026-04-19 11:28:13.811 [Timer-0] INFO  com.pharmacie.utils.SyncService - Synchronisation vers le Cloud réussie avec succčs !
2026-04-19 11:33:01.966 [Timer-0] WARN  com.pharmacie.utils.SyncService - Pas d'accčs Internet. Fonctionnement 100% hors-ligne maintenu.
2026-04-19 11:38:14.021 [Timer-0] WARN  com.pharmacie.utils.SyncService - Pas d'accčs Internet. Fonctionnement 100% hors-ligne maintenu.
2026-04-19 11:43:15.512 [Timer-0] INFO  com.pharmacie.utils.SyncService - Internet détecté. Début de la synchronisation...
2026-04-19 11:43:15.514 [Timer-0] INFO  com.pharmacie.utils.SyncService - Envoi sécurisé des données vers le Cloud : https://api.pharmacie-veterinaire-cloud.com/sync
2026-04-19 11:43:15.515 [Timer-0] INFO  com.pharmacie.utils.SyncService - Synchronisation vers le Cloud réussie avec succčs !
2026-04-19 11:48:14.804 [Timer-0] INFO  com.pharmacie.utils.SyncService - Internet détecté. Début de la synchronisation...
2026-04-19 11:48:14.805 [Timer-0] INFO  com.pharmacie.utils.SyncService - Envoi sécurisé des données vers le Cloud : https://api.pharmacie-veterinaire-cloud.com/sync
2026-04-19 11:48:14.806 [Timer-0] INFO  com.pharmacie.utils.SyncService - Synchronisation vers le Cloud réussie avec succčs !
2026-04-19 11:53:14.716 [Timer-0] INFO  com.pharmacie.utils.SyncService - Internet détecté. Début de la synchronisation...
2026-04-19 11:53:14.716 [Timer-0] INFO  com.pharmacie.utils.SyncService - Envoi sécurisé des données vers le Cloud : https://api.pharmacie-veterinaire-cloud.com/sync
2026-04-19 11:53:14.717 [Timer-0] INFO  com.pharmacie.utils.SyncService - Synchronisation vers le Cloud réussie avec succčs !
2026-04-19 11:58:14.631 [Timer-0] INFO  com.pharmacie.utils.SyncService - Internet détecté. Début de la synchronisation...
2026-04-19 11:58:14.631 [Timer-0] INFO  com.pharmacie.utils.SyncService - Envoi sécurisé des données vers le Cloud : https://api.pharmacie-veterinaire-cloud.com/sync
2026-04-19 11:58:14.631 [Timer-0] INFO  com.pharmacie.utils.SyncService - Synchronisation vers le Cloud réussie avec succčs !
2026-04-19 12:03:14.022 [Timer-0] WARN  com.pharmacie.utils.SyncService - Pas d'accčs Internet. Fonctionnement 100% hors-ligne maintenu.
2026-04-19 12:08:14.016 [Timer-0] WARN  com.pharmacie.utils.SyncService - Pas d'accčs Internet. Fonctionnement 100% hors-ligne maintenu.
2026-04-19 12:13:13.848 [Timer-0] INFO  com.pharmacie.utils.SyncService - Internet détecté. Début de la synchronisation...
2026-04-19 12:13:13.848 [Timer-0] INFO  com.pharmacie.utils.SyncService - Envoi sécurisé des données vers le Cloud : https://api.pharmacie-veterinaire-cloud.com/sync
2026-04-19 12:13:13.848 [Timer-0] INFO  com.pharmacie.utils.SyncService - Synchronisation vers le Cloud réussie avec succčs !
2026-04-19 12:18:13.791 [Timer-0] INFO  com.pharmacie.utils.SyncService - Internet détecté. Début de la synchronisation...
2026-04-19 12:18:13.791 [Timer-0] INFO  com.pharmacie.utils.SyncService - Envoi sécurisé des données vers le Cloud : https://api.pharmacie-veterinaire-cloud.com/sync
2026-04-19 12:18:13.792 [Timer-0] INFO  com.pharmacie.utils.SyncService - Synchronisation vers le Cloud réussie avec succčs !
2026-04-19 12:23:13.828 [Timer-0] INFO  com.pharmacie.utils.SyncService - Internet détecté. Début de la synchronisation...
2026-04-19 12:23:13.828 [Timer-0] INFO  com.pharmacie.utils.SyncService - Envoi sécurisé des données vers le Cloud : https://api.pharmacie-veterinaire-cloud.com/sync
2026-04-19 12:23:13.829 [Timer-0] INFO  com.pharmacie.utils.SyncService - Synchronisation vers le Cloud réussie avec succčs !
2026-04-19 12:28:13.837 [Timer-0] INFO  com.pharmacie.utils.SyncService - Internet détecté. Début de la synchronisation...
2026-04-19 12:28:13.838 [Timer-0] INFO  com.pharmacie.utils.SyncService - Envoi sécurisé des données vers le Cloud : https://api.pharmacie-veterinaire-cloud.com/sync
2026-04-19 12:28:13.840 [Timer-0] INFO  com.pharmacie.utils.SyncService - Synchronisation vers le Cloud réussie avec succčs !
2026-04-19 12:33:13.793 [Timer-0] INFO  com.pharmacie.utils.SyncService - Internet détecté. Début de la synchronisation...
2026-04-19 12:33:13.795 [Timer-0] INFO  com.pharmacie.utils.SyncService - Envoi sécurisé des données vers le Cloud : https://api.pharmacie-veterinaire-cloud.com/sync
2026-04-19 12:33:13.796 [Timer-0] INFO  com.pharmacie.utils.SyncService - Synchronisation vers le Cloud réussie avec succčs !
2026-04-19 12:38:13.783 [Timer-0] INFO  com.pharmacie.utils.SyncService - Internet détecté. Début de la synchronisation...
2026-04-19 12:38:13.785 [Timer-0] INFO  com.pharmacie.utils.SyncService - Envoi sécurisé des données vers le Cloud : https://api.pharmacie-veterinaire-cloud.com/sync
2026-04-19 12:38:13.787 [Timer-0] INFO  com.pharmacie.utils.SyncService - Synchronisation vers le Cloud réussie avec succčs !
2026-04-19 12:43:13.818 [Timer-0] INFO  com.pharmacie.utils.SyncService - Internet détecté. Début de la synchronisation...
2026-04-19 12:43:13.818 [Timer-0] INFO  com.pharmacie.utils.SyncService - Envoi sécurisé des données vers le Cloud : https://api.pharmacie-veterinaire-cloud.com/sync
2026-04-19 12:43:13.818 [Timer-0] INFO  com.pharmacie.utils.SyncService - Synchronisation vers le Cloud réussie avec succčs !
2026-04-19 12:48:13.804 [Timer-0] INFO  com.pharmacie.utils.SyncService - Internet détecté. Début de la synchronisation...
2026-04-19 12:48:13.805 [Timer-0] INFO  com.pharmacie.utils.SyncService - Envoi sécurisé des données vers le Cloud : https://api.pharmacie-veterinaire-cloud.com/sync
2026-04-19 12:48:13.805 [Timer-0] INFO  com.pharmacie.utils.SyncService - Synchronisation vers le Cloud réussie avec succčs !
2026-04-19 12:53:02.600 [Timer-0] INFO  com.pharmacie.utils.SyncService - Internet détecté. Début de la synchronisation...
2026-04-19 12:53:02.600 [Timer-0] INFO  com.pharmacie.utils.SyncService - Envoi sécurisé des données vers le Cloud : https://api.pharmacie-veterinaire-cloud.com/sync
2026-04-19 12:53:02.601 [Timer-0] INFO  com.pharmacie.utils.SyncService - Synchronisation vers le Cloud réussie avec succčs !
2026-04-19 12:58:13.789 [Timer-0] INFO  com.pharmacie.utils.SyncService - Internet détecté. Début de la synchronisation...
2026-04-19 12:58:13.790 [Timer-0] INFO  com.pharmacie.utils.SyncService - Envoi sécurisé des données vers le Cloud : https://api.pharmacie-veterinaire-cloud.com/sync
2026-04-19 12:58:13.791 [Timer-0] INFO  com.pharmacie.utils.SyncService - Synchronisation vers le Cloud réussie avec succčs !
2026-04-19 13:03:13.811 [Timer-0] INFO  com.pharmacie.utils.SyncService - Internet détecté. Début de la synchronisation...
2026-04-19 13:03:13.812 [Timer-0] INFO  com.pharmacie.utils.SyncService - Envoi sécurisé des données vers le Cloud : https://api.pharmacie-veterinaire-cloud.com/sync
2026-04-19 13:03:13.812 [Timer-0] INFO  com.pharmacie.utils.SyncService - Synchronisation vers le Cloud réussie avec succčs !
2026-04-19 13:08:06.996 [Timer-0] INFO  com.pharmacie.utils.SyncService - Internet détecté. Début de la synchronisation...
2026-04-19 13:08:06.996 [Timer-0] INFO  com.pharmacie.utils.SyncService - Envoi sécurisé des données vers le Cloud : https://api.pharmacie-veterinaire-cloud.com/sync
2026-04-19 13:08:06.997 [Timer-0] INFO  com.pharmacie.utils.SyncService - Synchronisation vers le Cloud réussie avec succčs !
2026-04-19 13:13:13.793 [Timer-0] INFO  com.pharmacie.utils.SyncService - Internet détecté. Début de la synchronisation...
2026-04-19 13:13:13.794 [Timer-0] INFO  com.pharmacie.utils.SyncService - Envoi sécurisé des données vers le Cloud : https://api.pharmacie-veterinaire-cloud.com/sync
2026-04-19 13:13:13.795 [Timer-0] INFO  com.pharmacie.utils.SyncService - Synchronisation vers le Cloud réussie avec succčs !
2026-04-19 13:18:13.812 [Timer-0] INFO  com.pharmacie.utils.SyncService - Internet détecté. Début de la synchronisation...
2026-04-19 13:18:13.812 [Timer-0] INFO  com.pharmacie.utils.SyncService - Envoi sécurisé des données vers le Cloud : https://api.pharmacie-veterinaire-cloud.com/sync
2026-04-19 13:18:13.813 [Timer-0] INFO  com.pharmacie.utils.SyncService - Synchronisation vers le Cloud réussie avec succčs !
2026-04-19 13:23:13.756 [Timer-0] INFO  com.pharmacie.utils.SyncService - Internet détecté. Début de la synchronisation...
2026-04-19 13:23:13.758 [Timer-0] INFO  com.pharmacie.utils.SyncService - Envoi sécurisé des données vers le Cloud : https://api.pharmacie-veterinaire-cloud.com/sync
2026-04-19 13:23:13.758 [Timer-0] INFO  com.pharmacie.utils.SyncService - Synchronisation vers le Cloud réussie avec succčs !
2026-04-19 13:28:02.615 [Timer-0] INFO  com.pharmacie.utils.SyncService - Internet détecté. Début de la synchronisation...
2026-04-19 13:28:02.617 [Timer-0] INFO  com.pharmacie.utils.SyncService - Envoi sécurisé des données vers le Cloud : https://api.pharmacie-veterinaire-cloud.com/sync
2026-04-19 13:28:02.617 [Timer-0] INFO  com.pharmacie.utils.SyncService - Synchronisation vers le Cloud réussie avec succčs !
2026-04-19 13:33:02.619 [Timer-0] INFO  com.pharmacie.utils.SyncService - Internet détecté. Début de la synchronisation...
2026-04-19 13:33:02.620 [Timer-0] INFO  com.pharmacie.utils.SyncService - Envoi sécurisé des données vers le Cloud : https://api.pharmacie-veterinaire-cloud.com/sync
2026-04-19 13:33:02.621 [Timer-0] INFO  com.pharmacie.utils.SyncService - Synchronisation vers le Cloud réussie avec succčs !
2026-04-19 13:38:13.859 [Timer-0] INFO  com.pharmacie.utils.SyncService - Internet détecté. Début de la synchronisation...
2026-04-19 13:38:13.860 [Timer-0] INFO  com.pharmacie.utils.SyncService - Envoi sécurisé des données vers le Cloud : https://api.pharmacie-veterinaire-cloud.com/sync
2026-04-19 13:38:13.860 [Timer-0] INFO  com.pharmacie.utils.SyncService - Synchronisation vers le Cloud réussie avec succčs !
2026-04-19 13:43:13.838 [Timer-0] INFO  com.pharmacie.utils.SyncService - Internet détecté. Début de la synchronisation...
2026-04-19 13:43:13.840 [Timer-0] INFO  com.pharmacie.utils.SyncService - Envoi sécurisé des données vers le Cloud : https://api.pharmacie-veterinaire-cloud.com/sync
2026-04-19 13:43:13.840 [Timer-0] INFO  com.pharmacie.utils.SyncService - Synchronisation vers le Cloud réussie avec succčs !
2026-04-19 13:48:13.817 [Timer-0] INFO  com.pharmacie.utils.SyncService - Internet détecté. Début de la synchronisation...
2026-04-19 13:48:13.818 [Timer-0] INFO  com.pharmacie.utils.SyncService - Envoi sécurisé des données vers le Cloud : https://api.pharmacie-veterinaire-cloud.com/sync
2026-04-19 13:48:13.818 [Timer-0] INFO  com.pharmacie.utils.SyncService - Synchronisation vers le Cloud réussie avec succčs !
2026-04-19 13:53:13.806 [Timer-0] INFO  com.pharmacie.utils.SyncService - Internet détecté. Début de la synchronisation...
2026-04-19 13:53:13.807 [Timer-0] INFO  com.pharmacie.utils.SyncService - Envoi sécurisé des données vers le Cloud : https://api.pharmacie-veterinaire-cloud.com/sync
2026-04-19 13:53:13.808 [Timer-0] INFO  com.pharmacie.utils.SyncService - Synchronisation vers le Cloud réussie avec succčs !
2026-04-19 13:58:13.781 [Timer-0] INFO  com.pharmacie.utils.SyncService - Internet détecté. Début de la synchronisation...
2026-04-19 13:58:13.781 [Timer-0] INFO  com.pharmacie.utils.SyncService - Envoi sécurisé des données vers le Cloud : https://api.pharmacie-veterinaire-cloud.com/sync
2026-04-19 13:58:13.781 [Timer-0] INFO  com.pharmacie.utils.SyncService - Synchronisation vers le Cloud réussie avec succčs !
2026-04-19 14:03:13.806 [Timer-0] INFO  com.pharmacie.utils.SyncService - Internet détecté. Début de la synchronisation...
2026-04-19 14:03:13.807 [Timer-0] INFO  com.pharmacie.utils.SyncService - Envoi sécurisé des données vers le Cloud : https://api.pharmacie-veterinaire-cloud.com/sync
2026-04-19 14:03:13.808 [Timer-0] INFO  com.pharmacie.utils.SyncService - Synchronisation vers le Cloud réussie avec succčs !
2026-04-19 14:08:14.030 [Timer-0] INFO  com.pharmacie.utils.SyncService - Internet détecté. Début de la synchronisation...
2026-04-19 14:08:14.031 [Timer-0] INFO  com.pharmacie.utils.SyncService - Envoi sécurisé des données vers le Cloud : https://api.pharmacie-veterinaire-cloud.com/sync
2026-04-19 14:08:14.031 [Timer-0] INFO  com.pharmacie.utils.SyncService - Synchronisation vers le Cloud réussie avec succčs !
2026-04-19 14:13:13.937 [Timer-0] INFO  com.pharmacie.utils.SyncService - Internet détecté. Début de la synchronisation...
2026-04-19 14:13:13.938 [Timer-0] INFO  com.pharmacie.utils.SyncService - Envoi sécurisé des données vers le Cloud : https://api.pharmacie-veterinaire-cloud.com/sync
2026-04-19 14:13:13.938 [Timer-0] INFO  com.pharmacie.utils.SyncService - Synchronisation vers le Cloud réussie avec succčs !
2026-04-19 14:18:02.653 [Timer-0] INFO  com.pharmacie.utils.SyncService - Internet détecté. Début de la synchronisation...
2026-04-19 14:18:02.654 [Timer-0] INFO  com.pharmacie.utils.SyncService - Envoi sécurisé des données vers le Cloud : https://api.pharmacie-veterinaire-cloud.com/sync
2026-04-19 14:18:02.654 [Timer-0] INFO  com.pharmacie.utils.SyncService - Synchronisation vers le Cloud réussie avec succčs !
2026-04-19 15:58:41.440 [Timer-0] WARN  com.pharmacie.utils.SyncService - Pas d'accčs Internet. Fonctionnement 100% hors-ligne maintenu.
2026-04-19 15:58:41.440 [Timer-0] WARN  com.pharmacie.utils.SyncService - Pas d'accčs Internet. Fonctionnement 100% hors-ligne maintenu.
2026-04-19 15:58:41.441 [Timer-0] WARN  com.pharmacie.utils.SyncService - Pas d'accčs Internet. Fonctionnement 100% hors-ligne maintenu.
2026-04-19 15:58:41.441 [Timer-0] WARN  com.pharmacie.utils.SyncService - Pas d'accčs Internet. Fonctionnement 100% hors-ligne maintenu.
2026-04-19 15:58:41.442 [Timer-0] WARN  com.pharmacie.utils.SyncService - Pas d'accčs Internet. Fonctionnement 100% hors-ligne maintenu.
2026-04-19 15:58:41.442 [Timer-0] WARN  com.pharmacie.utils.SyncService - Pas d'accčs Internet. Fonctionnement 100% hors-ligne maintenu.
2026-04-19 15:58:41.442 [Timer-0] WARN  com.pharmacie.utils.SyncService - Pas d'accčs Internet. Fonctionnement 100% hors-ligne maintenu.
2026-04-19 15:58:41.444 [Timer-0] WARN  com.pharmacie.utils.SyncService - Pas d'accčs Internet. Fonctionnement 100% hors-ligne maintenu.
2026-04-19 15:58:41.444 [Timer-0] WARN  com.pharmacie.utils.SyncService - Pas d'accčs Internet. Fonctionnement 100% hors-ligne maintenu.
2026-04-19 15:58:41.444 [Timer-0] WARN  com.pharmacie.utils.SyncService - Pas d'accčs Internet. Fonctionnement 100% hors-ligne maintenu.
2026-04-19 15:58:41.445 [Timer-0] WARN  com.pharmacie.utils.SyncService - Pas d'accčs Internet. Fonctionnement 100% hors-ligne maintenu.
2026-04-19 15:58:41.445 [Timer-0] WARN  com.pharmacie.utils.SyncService - Pas d'accčs Internet. Fonctionnement 100% hors-ligne maintenu.
2026-04-19 15:58:41.445 [Timer-0] WARN  com.pharmacie.utils.SyncService - Pas d'accčs Internet. Fonctionnement 100% hors-ligne maintenu.
2026-04-19 15:58:41.446 [Timer-0] WARN  com.pharmacie.utils.SyncService - Pas d'accčs Internet. Fonctionnement 100% hors-ligne maintenu.
2026-04-19 15:58:41.446 [Timer-0] WARN  com.pharmacie.utils.SyncService - Pas d'accčs Internet. Fonctionnement 100% hors-ligne maintenu.
2026-04-19 15:58:41.446 [Timer-0] WARN  com.pharmacie.utils.SyncService - Pas d'accčs Internet. Fonctionnement 100% hors-ligne maintenu.
2026-04-19 15:58:41.446 [Timer-0] WARN  com.pharmacie.utils.SyncService - Pas d'accčs Internet. Fonctionnement 100% hors-ligne maintenu.
2026-04-19 15:58:41.447 [Timer-0] WARN  com.pharmacie.utils.SyncService - Pas d'accčs Internet. Fonctionnement 100% hors-ligne maintenu.
2026-04-19 15:58:41.447 [Timer-0] WARN  com.pharmacie.utils.SyncService - Pas d'accčs Internet. Fonctionnement 100% hors-ligne maintenu.
2026-04-19 15:58:41.447 [Timer-0] WARN  com.pharmacie.utils.SyncService - Pas d'accčs Internet. Fonctionnement 100% hors-ligne maintenu.
2026-04-19 16:03:14.008 [Timer-0] WARN  com.pharmacie.utils.SyncService - Pas d'accčs Internet. Fonctionnement 100% hors-ligne maintenu.
2026-04-19 16:08:14.011 [Timer-0] WARN  com.pharmacie.utils.SyncService - Pas d'accčs Internet. Fonctionnement 100% hors-ligne maintenu.
2026-04-19 16:13:14.729 [Timer-0] INFO  com.pharmacie.utils.SyncService - Internet détecté. Début de la synchronisation...
2026-04-19 16:13:14.729 [Timer-0] INFO  com.pharmacie.utils.SyncService - Envoi sécurisé des données vers le Cloud : https://api.pharmacie-veterinaire-cloud.com/sync
2026-04-19 16:13:14.729 [Timer-0] INFO  com.pharmacie.utils.SyncService - Synchronisation vers le Cloud réussie avec succčs !
2026-04-19 16:18:14.827 [Timer-0] INFO  com.pharmacie.utils.SyncService - Internet détecté. Début de la synchronisation...
2026-04-19 16:18:14.828 [Timer-0] INFO  com.pharmacie.utils.SyncService - Envoi sécurisé des données vers le Cloud : https://api.pharmacie-veterinaire-cloud.com/sync
2026-04-19 16:18:14.828 [Timer-0] INFO  com.pharmacie.utils.SyncService - Synchronisation vers le Cloud réussie avec succčs !
2026-04-19 16:23:14.684 [Timer-0] INFO  com.pharmacie.utils.SyncService - Internet détecté. Début de la synchronisation...
2026-04-19 16:23:14.684 [Timer-0] INFO  com.pharmacie.utils.SyncService - Envoi sécurisé des données vers le Cloud : https://api.pharmacie-veterinaire-cloud.com/sync
2026-04-19 16:23:14.684 [Timer-0] INFO  com.pharmacie.utils.SyncService - Synchronisation vers le Cloud réussie avec succčs !
